[0.030s] Invoking command in '/home/jonatan/ros2_ws/build/articubot_one': AMENT_PREFIX_PATH=/home/jonatan/ros2_ws/install/articubot_one:${AMENT_PREFIX_PATH} CMAKE_PREFIX_PATH=/home/jonatan/ros2_ws/install/articubot_one:${CMAKE_PREFIX_PATH} PS1=\[\e]0;\u@\h: \w\a\]${debian_chroot:+($debian_chroot)}\[\033[01;32m\]\u@\h\[\033[00m\]:\[\033[01;34m\]\w\[\033[00m\]\$ PYTHONPATH=/home/jonatan/ros2_ws/install/articubot_one/lib/python3.12/site-packages:${PYTHONPATH} /usr/bin/ctest -C Release -D ExperimentalTest --no-compress-output -V --force-new-ctest-process
[0.041s] UpdateCTestConfiguration  from :/home/jonatan/ros2_ws/build/articubot_one/CTestConfiguration.ini
[0.041s] Parse Config file:/home/jonatan/ros2_ws/build/articubot_one/CTestConfiguration.ini
[0.041s]    Site: HP-EliteBook-x360-1030-G2
[0.041s]    Build name: (empty)
[0.042s]  Add coverage exclude regular expressions.
[0.042s] Create new tag: 20250518-1852 - Experimental
[0.042s] UpdateCTestConfiguration  from :/home/jonatan/ros2_ws/build/articubot_one/CTestConfiguration.ini
[0.042s] Parse Config file:/home/jonatan/ros2_ws/build/articubot_one/CTestConfiguration.ini
[0.042s] Test project /home/jonatan/ros2_ws/build/articubot_one
[0.042s] Constructing a list of tests
[0.043s] Done constructing a list of tests
[0.043s] Updating test list for fixtures
[0.043s] Added 0 tests to meet fixture requirements
[0.043s] Checking test dependency graph...
[0.043s] Checking test dependency graph end
[0.043s] test 1
[0.044s]     Start 1: laser_obstacle_test
[0.044s] 
[0.044s] 1: Test command: /usr/bin/python3 "-u" "/opt/ros/jazzy/share/ament_cmake_test/cmake/run_test.py" "/home/jonatan/ros2_ws/build/articubot_one/test_results/articubot_one/laser_obstacle_test.xunit.xml" "--package-name" "articubot_one" "--output-file" "/home/jonatan/ros2_ws/build/articubot_one/ament_cmake_pytest/laser_obstacle_test.txt" "--command" "/usr/bin/python3" "-u" "-m" "pytest" "/home/jonatan/ros2_ws/src/articubot_one/test/pytest/test_laserObstacle.py" "-o" "cache_dir=/home/jonatan/ros2_ws/build/articubot_one/ament_cmake_pytest/laser_obstacle_test/.cache" "--junit-xml=/home/jonatan/ros2_ws/build/articubot_one/test_results/articubot_one/laser_obstacle_test.xunit.xml" "--junit-prefix=articubot_one"
[0.044s] 1: Working Directory: /home/jonatan/ros2_ws/build/articubot_one
[0.045s] 1: Test timeout computed to be: 360
[0.119s] 1: -- run_test.py: invoking following command in '/home/jonatan/ros2_ws/build/articubot_one':
[0.119s] 1:  - /usr/bin/python3 -u -m pytest /home/jonatan/ros2_ws/src/articubot_one/test/pytest/test_laserObstacle.py -o cache_dir=/home/jonatan/ros2_ws/build/articubot_one/ament_cmake_pytest/laser_obstacle_test/.cache --junit-xml=/home/jonatan/ros2_ws/build/articubot_one/test_results/articubot_one/laser_obstacle_test.xunit.xml --junit-prefix=articubot_one
[0.700s] 1: ============================= test session starts ==============================
[0.700s] 1: platform linux -- Python 3.12.3, pytest-7.4.4, pluggy-1.4.0
[0.707s] 1: cachedir: /home/jonatan/ros2_ws/build/articubot_one/ament_cmake_pytest/laser_obstacle_test/.cache
[0.707s] 1: rootdir: /home/jonatan/ros2_ws/src/articubot_one
[0.707s] 1: plugins: launch-testing-3.4.4, ament-xmllint-0.17.2, ament-pep257-0.17.2, ament-copyright-0.17.2, ament-flake8-0.17.2, launch-testing-ros-0.26.7, ament-lint-0.17.2, cov-4.1.0, typeguard-4.1.5, colcon-core-0.19.0
[1.074s] 1: collected 2 items
[1.075s] 1: 
[5.252s] 1: ../../src/articubot_one/test/pytest/test_laserObstacle.py ..             [100%]
[5.252s] 1: 
[5.253s] 1: - generated xml file: /home/jonatan/ros2_ws/build/articubot_one/test_results/articubot_one/laser_obstacle_test.xunit.xml -
[5.253s] 1: ============================== 2 passed in 4.55s ===============================
[5.494s] 1: -- run_test.py: return code 0
[5.494s] 1: -- run_test.py: verify result file '/home/jonatan/ros2_ws/build/articubot_one/test_results/articubot_one/laser_obstacle_test.xunit.xml'
[5.513s] 1/6 Test #1: laser_obstacle_test ..............   Passed    5.47 sec
[5.513s] test 2
[5.513s]     Start 2: copyright
[5.514s] 
[5.514s] 2: Test command: /usr/bin/python3 "-u" "/opt/ros/jazzy/share/ament_cmake_test/cmake/run_test.py" "/home/jonatan/ros2_ws/build/articubot_one/test_results/articubot_one/copyright.xunit.xml" "--package-name" "articubot_one" "--output-file" "/home/jonatan/ros2_ws/build/articubot_one/ament_copyright/copyright.txt" "--command" "/opt/ros/jazzy/bin/ament_copyright" "--xunit-file" "/home/jonatan/ros2_ws/build/articubot_one/test_results/articubot_one/copyright.xunit.xml"
[5.515s] 2: Working Directory: /home/jonatan/ros2_ws/src/articubot_one
[5.515s] 2: Test timeout computed to be: 200
[5.648s] 2: -- run_test.py: invoking following command in '/home/jonatan/ros2_ws/src/articubot_one':
[5.648s] 2:  - /opt/ros/jazzy/bin/ament_copyright --xunit-file /home/jonatan/ros2_ws/build/articubot_one/test_results/articubot_one/copyright.xunit.xml
[6.030s] 2: CONTRIBUTING.md: file not found
[6.030s] 2: LICENSE: file not found
[6.031s] 2: articubot_one/obstacle_avoidance.py: could not find copyright notice
[6.031s] 2: launch/ball_tracker.launch.py: could not find copyright notice
[6.031s] 2: launch/camera.launch.py: could not find copyright notice
[6.031s] 2: launch/joystick.launch.py: could not find copyright notice
[6.031s] 2: launch/launch_robot.launch.py: could not find copyright notice
[6.032s] 2: launch/launch_sim.launch.py: could not find copyright notice
[6.032s] 2: launch/online_async_launch.py: could not find copyright notice
[6.032s] 2: launch/rplidar.launch.py: could not find copyright notice
[6.032s] 2: launch/rsp.launch.py: could not find copyright notice
[6.032s] 2: launch/rviz_gazebo.launch.py: could not find copyright notice
[6.033s] 2: test/pytest/test_laserObstacle.py: could not find copyright notice
[6.033s] 2: 13 errors, checked 16 files
[6.058s] 2: -- run_test.py: return code 1
[6.059s] 2: -- run_test.py: verify result file '/home/jonatan/ros2_ws/build/articubot_one/test_results/articubot_one/copyright.xunit.xml'
[6.077s] 2/6 Test #2: copyright ........................***Failed    0.56 sec
[6.077s] test 3
[6.078s]     Start 3: flake8
[6.078s] 
[6.078s] 3: Test command: /usr/bin/python3 "-u" "/opt/ros/jazzy/share/ament_cmake_test/cmake/run_test.py" "/home/jonatan/ros2_ws/build/articubot_one/test_results/articubot_one/flake8.xunit.xml" "--package-name" "articubot_one" "--output-file" "/home/jonatan/ros2_ws/build/articubot_one/ament_flake8/flake8.txt" "--command" "/opt/ros/jazzy/bin/ament_flake8" "--xunit-file" "/home/jonatan/ros2_ws/build/articubot_one/test_results/articubot_one/flake8.xunit.xml"
[6.078s] 3: Working Directory: /home/jonatan/ros2_ws/src/articubot_one
[6.078s] 3: Test timeout computed to be: 60
[6.160s] 3: -- run_test.py: invoking following command in '/home/jonatan/ros2_ws/src/articubot_one':
[6.160s] 3:  - /opt/ros/jazzy/bin/ament_flake8 --xunit-file /home/jonatan/ros2_ws/build/articubot_one/test_results/articubot_one/flake8.xunit.xml
[6.742s] 3: from geometry_msgs.msg import Twist
[6.743s] 3: ^
[6.743s] 3: import math
[6.747s] 3: ^
[6.747s] 3: import math
[6.747s] 3: ^
[6.748s] 3: # i am writing down this piece of code with paramters 
[6.748s] 3:                                                      ^
[6.748s] 3: # Paramters are for the node , it enables modularity and you can modify the parameters when executing the node 
[6.748s] 3:                                                                                                    ^
[6.748s] 3: # Paramters are for the node , it enables modularity and you can modify the parameters when executing the node 
[6.748s] 3:                                                                                                               ^
[6.750s] 3:     def __init__(self) :
[6.752s] 3:                       ^
[6.752s] 3:         super().__init__("Laser_Obstacle_Avoidance")
[6.755s] 3:                          ^
[6.756s] 3:         
[6.756s] 3: ^
[6.756s] 3:         self.declare_parameter("threshold_distance",0.5)  # i can use 0.5m or 1m as threshold distance
[6.756s] 3:                                ^
[6.758s] 3:         self.declare_parameter("threshold_distance",0.5)  # i can use 0.5m or 1m as threshold distance
[6.759s] 3:                                                    ^
[6.759s] 3:         self.declare_parameter("threshold_distance",0.5)  # i can use 0.5m or 1m as threshold distance
[6.759s] 3:                                                                                                    ^
[6.759s] 3:         self.threshold=self.get_parameter("threshold_distance").value
[6.761s] 3:                       ^
[6.761s] 3:         self.threshold=self.get_parameter("threshold_distance").value
[6.761s] 3:                                           ^
[6.762s] 3:         
[6.762s] 3: ^
[6.762s] 3:         self.declare_parameter("laser_scan_topic","/scan")
[6.762s] 3:                                ^
[6.762s] 3:         self.declare_parameter("laser_scan_topic","/scan")
[6.762s] 3:                                                  ^
[6.763s] 3:         self.declare_parameter("laser_scan_topic","/scan")
[6.763s] 3:                                                   ^
[6.763s] 3:         self.laser_topic=self.get_parameter("laser_scan_topic").value
[6.763s] 3:                         ^
[6.763s] 3:         self.laser_topic=self.get_parameter("laser_scan_topic").value
[6.763s] 3:                                             ^
[6.764s] 3:         
[6.764s] 3: ^
[6.765s] 3:         self.declare_parameter("cmd_vel_topic","/cmd_vel")
[6.765s] 3:                                ^
[6.765s] 3:         self.declare_parameter("cmd_vel_topic","/cmd_vel")
[6.765s] 3:                                               ^
[6.765s] 3:         self.declare_parameter("cmd_vel_topic","/cmd_vel")
[6.767s] 3:                                                ^
[6.768s] 3:         self.cmd_topic=self.get_parameter("cmd_vel_topic").value
[6.768s] 3:                       ^
[6.768s] 3:         self.cmd_topic=self.get_parameter("cmd_vel_topic").value
[6.773s] 3:                                           ^
[6.773s] 3:         self.frontal_detection_angle_rad = math.radians(self.get_parameter('frontal_detection_angle_deg').value)
[6.773s] 3:                                                                                                    ^
[6.774s] 3:         #create a publisher to the /cmd_vel
[6.774s] 3:         ^
[6.774s] 3:         self.cmd_vel_pub = self.create_publisher(Twist,self.cmd_topic, 10)
[6.774s] 3:                                                       ^
[6.774s] 3:     def laser_callback(self,msg):
[6.775s] 3:     ^
[6.778s] 3:     def laser_callback(self,msg):
[6.780s] 3:                            ^
[6.780s] 3:   
[6.780s] 3: ^
[6.780s] 3:         if not(scan_size) :
[6.781s] 3:               ^
[6.781s] 3:         if not(scan_size) :
[6.781s] 3:                          ^
[6.781s] 3:             #no laser data 
[6.781s] 3:             ^
[6.781s] 3:             #no laser data 
[6.782s] 3:                           ^
[6.782s] 3:             return 
[6.782s] 3:                   ^
[6.783s] 3:         # the lidar provides angles,angle step (common difference of the angle sequence), distances in meter
[6.783s] 3:                                                                                                    ^
[6.784s] 3:         
[6.784s] 3: ^
[6.784s] 3:         #for every angle in this sector, we get a valid distance and compare it with the angle_(i+1) in the sector so as to get the minimum distance
[6.784s] 3:         ^
[6.785s] 3:         #for every angle in this sector, we get a valid distance and compare it with the angle_(i+1) in the sector so as to get the minimum distance
[6.785s] 3:                                                                                                    ^
[6.788s] 3:         #we get an angle, we get it's corresponding distance and compare it's distance with a min distance
[6.789s] 3:         ^
[6.792s] 3:         #we get an angle, we get it's corresponding distance and compare it's distance with a min distance
[6.792s] 3:                                                                                                    ^
[6.793s] 3:         # At each round, we get the minimum distance since our objectif is to get the closest distance to an obstacle 
[6.793s] 3:                                                                                                    ^
[6.793s] 3:         # At each round, we get the minimum distance since our objectif is to get the closest distance to an obstacle 
[6.796s] 3:                                                                                                                      ^
[6.796s] 3:         # we are sweeping across all the angles with the increment 
[6.796s] 3:                                                                   ^
[6.796s] 3:         # while sweeping we compare  only the ranges with the ones in the defined angle 
[6.796s] 3:                                                                                        ^
[6.797s] 3:                  # If the range reading is valid (not inf or nan)
[6.797s] 3:                  ^
[6.797s] 3:                  # If the range reading is valid (not inf or nan)
[6.797s] 3:                  ^
[6.797s] 3:                  if not math.isinf(msg.ranges[i]) and not math.isnan(msg.ranges[i]):
[6.797s] 3:                  ^
[6.798s] 3:                  if not math.isinf(msg.ranges[i]) and not math.isnan(msg.ranges[i]):
[6.798s] 3:                  ^
[6.798s] 3:             
[6.798s] 3: ^
[6.798s] 3:                      min_distance_in_frontal_sector = min(min_distance_in_frontal_sector, msg.ranges[i])
[6.798s] 3:                      ^
[6.799s] 3:                      min_distance_in_frontal_sector = min(min_distance_in_frontal_sector, msg.ranges[i])
[6.799s] 3:                                                                                                    ^
[6.799s] 3:         #  To stop the robot from moving ahead when ever it meets an obstacle, it will just go back 
[6.799s] 3:                                                                                                    ^
[6.799s] 3:         if obstacle_detected :
[6.800s] 3:                             ^
[6.800s] 3:            self.get_logger().info(f'Obstacle detected at {min_distance_in_frontal_sector:.2f}m. Deciding to stop.')
[6.800s] 3:            ^
[6.800s] 3:            self.get_logger().info(f'Obstacle detected at {min_distance_in_frontal_sector:.2f}m. Deciding to stop.')
[6.800s] 3:                                                                                                    ^
[6.800s] 3:            twist.linear.x = 0.0
[6.801s] 3:            ^
[6.801s] 3:            twist.angular.z =0.0
[6.802s] 3:            ^
[6.802s] 3:            twist.angular.z =0.0
[6.803s] 3:                             ^
[6.803s] 3:            self.cmd_vel_pub.publish(twist)
[6.804s] 3:            ^
[6.804s] 3:            self.get_logger().info(f'No obstacle detected') 
[6.804s] 3:            ^
[6.804s] 3:            self.get_logger().info(f'No obstacle detected') 
[6.804s] 3:                                   ^
[6.805s] 3:            self.get_logger().info(f'No obstacle detected') 
[6.805s] 3:                                                           ^
[6.805s] 3: def main(args=None):
[6.805s] 3: ^
[6.805s] 3:         rclpy.spin(node) # Keep the node running and process callbacks
[6.805s] 3:                         ^
[6.806s] 3:         node.get_logger().info('Smart Obstacle Avoider Node stopped cleanly via KeyboardInterrupt.')
[6.806s] 3:                                                                                                    ^
[6.806s] 3: if __name__ == '__main__':
[6.806s] 3: ^
[6.806s] 3:     main()    
[6.806s] 3:           ^
[6.807s] 3: from ament_index_python.packages import get_package_share_directory
[6.807s] 3: ^
[6.807s] 3: from launch.actions import DeclareLaunchArgument
[6.807s] 3: ^
[6.807s] 3:     my_package_name='articubot_one'
[6.807s] 3:                    ^
[6.807s] 3:     tracker_params_sim = os.path.join(get_package_share_directory(my_package_name),'config','ball_tracker_params_sim.yaml')
[6.808s] 3:                                                                                   ^
[6.808s] 3:     tracker_params_sim = os.path.join(get_package_share_directory(my_package_name),'config','ball_tracker_params_sim.yaml')
[6.808s] 3:                                                                                            ^
[6.808s] 3:     tracker_params_sim = os.path.join(get_package_share_directory(my_package_name),'config','ball_tracker_params_sim.yaml')
[6.808s] 3:                                                                                                    ^
[6.810s] 3:     tracker_params_robot = os.path.join(get_package_share_directory(my_package_name),'config','ball_tracker_params_robot.yaml')
[6.810s] 3:                                                                                     ^
[6.810s] 3:     tracker_params_robot = os.path.join(get_package_share_directory(my_package_name),'config','ball_tracker_params_robot.yaml')
[6.810s] 3:                                                                                              ^
[6.810s] 3:     tracker_params_robot = os.path.join(get_package_share_directory(my_package_name),'config','ball_tracker_params_robot.yaml')
[6.811s] 3:                                                                                                    ^
[6.811s] 3:     params_path = PythonExpression(['"',tracker_params_sim, '" if "true" == "', sim_mode, '" else "', tracker_params_robot, '"'])
[6.811s] 3:                                        ^
[6.811s] 3:     params_path = PythonExpression(['"',tracker_params_sim, '" if "true" == "', sim_mode, '" else "', tracker_params_robot, '"'])
[6.811s] 3:                                                                                                    ^
[6.812s] 3:                     get_package_share_directory('ball_tracker'), 'launch', 'ball_tracker.launch.py')]),
[6.812s] 3:                                                                                                    ^
[6.812s] 3:                     launch_arguments={'params_file': params_path,
[6.813s] 3:                     ^
[6.813s] 3:                                     'image_topic': '/camera/image_raw',
[6.813s] 3:                                     ^
[6.813s] 3:                                     'cmd_vel_topic': '/cmd_vel_tracker',
[6.813s] 3:                                     ^
[6.813s] 3:                                     'enable_3d_tracker': 'true'}.items())
[6.814s] 3:                                     ^
[6.814s] 3: import os
[6.814s] 3: ^
[6.814s] 3: def generate_launch_description():
[6.814s] 3: ^
[6.814s] 3:     return LaunchDescription([
[6.814s] 3:     ^
[6.815s] 3:                 'image_size': [640,480],
[6.815s] 3:                                   ^
[6.815s] 3:     )
[6.815s] 3:     ^
[6.815s] 3: 
[6.815s] 3: ./articubot_one/obstacle_avoidance.py:5:1: I100 Import statements are in the wrong order. 'from geometry_msgs.msg import Twist' should be before 'from sensor_msgs.msg import LaserScan'
[6.816s] 3: 
[6.816s] 3: ./articubot_one/obstacle_avoidance.py:6:1: I100 Import statements are in the wrong order. 'import math' should be before 'from geometry_msgs.msg import Twist' and in a different group.
[6.816s] 3: 
[6.816s] 3: ./articubot_one/obstacle_avoidance.py:6:1: I201 Missing newline between import groups. 'import math' is identified as Stdlib and 'from geometry_msgs.msg import Twist' is identified as Third Party.
[6.816s] 3: 
[6.818s] 3: ./articubot_one/obstacle_avoidance.py:9:54: W291 trailing whitespace
[6.818s] 3: 
[6.818s] 3: ./articubot_one/obstacle_avoidance.py:10:100: E501 line too long (110 > 99 characters)
[6.818s] 3: 
[6.819s] 3: ./articubot_one/obstacle_avoidance.py:10:111: W291 trailing whitespace
[6.819s] 3: 
[6.819s] 3: ./articubot_one/obstacle_avoidance.py:14:23: E203 whitespace before ':'
[6.819s] 3: 
[6.819s] 3: ./articubot_one/obstacle_avoidance.py:15:26: Q000 Double quotes found but single quotes preferred
[6.820s] 3: 
[6.820s] 3: ./articubot_one/obstacle_avoidance.py:16:1: W293 blank line contains whitespace
[6.821s] 3: 
[6.821s] 3: ./articubot_one/obstacle_avoidance.py:17:32: Q000 Double quotes found but single quotes preferred
[6.821s] 3: 
[6.821s] 3: ./articubot_one/obstacle_avoidance.py:17:52: E231 missing whitespace after ','
[6.821s] 3: 
[6.822s] 3: ./articubot_one/obstacle_avoidance.py:17:100: E501 line too long (102 > 99 characters)
[6.822s] 3: 
[6.822s] 3: ./articubot_one/obstacle_avoidance.py:18:23: E225 missing whitespace around operator
[6.822s] 3: 
[6.822s] 3: ./articubot_one/obstacle_avoidance.py:18:43: Q000 Double quotes found but single quotes preferred
[6.822s] 3: 
[6.822s] 3: ./articubot_one/obstacle_avoidance.py:19:1: W293 blank line contains whitespace
[6.823s] 3: 
[6.823s] 3: ./articubot_one/obstacle_avoidance.py:20:32: Q000 Double quotes found but single quotes preferred
[6.823s] 3: 
[6.823s] 3: ./articubot_one/obstacle_avoidance.py:20:50: E231 missing whitespace after ','
[6.824s] 3: 
[6.825s] 3: ./articubot_one/obstacle_avoidance.py:20:51: Q000 Double quotes found but single quotes preferred
[6.825s] 3: 
[6.825s] 3: ./articubot_one/obstacle_avoidance.py:21:25: E225 missing whitespace around operator
[6.825s] 3: 
[6.826s] 3: ./articubot_one/obstacle_avoidance.py:21:45: Q000 Double quotes found but single quotes preferred
[6.826s] 3: 
[6.826s] 3: ./articubot_one/obstacle_avoidance.py:22:1: W293 blank line contains whitespace
[6.826s] 3: 
[6.826s] 3: ./articubot_one/obstacle_avoidance.py:23:32: Q000 Double quotes found but single quotes preferred
[6.826s] 3: 
[6.827s] 3: ./articubot_one/obstacle_avoidance.py:23:47: E231 missing whitespace after ','
[6.827s] 3: 
[6.827s] 3: ./articubot_one/obstacle_avoidance.py:23:48: Q000 Double quotes found but single quotes preferred
[6.827s] 3: 
[6.828s] 3: ./articubot_one/obstacle_avoidance.py:24:23: E225 missing whitespace around operator
[6.829s] 3: 
[6.830s] 3: ./articubot_one/obstacle_avoidance.py:24:43: Q000 Double quotes found but single quotes preferred
[6.830s] 3: 
[6.830s] 3: ./articubot_one/obstacle_avoidance.py:29:100: E501 line too long (112 > 99 characters)
[6.830s] 3: 
[6.830s] 3: ./articubot_one/obstacle_avoidance.py:38:9: E265 block comment should start with '# '
[6.830s] 3: 
[6.835s] 3: ./articubot_one/obstacle_avoidance.py:39:55: E231 missing whitespace after ','
[6.835s] 3: 
[6.835s] 3: ./articubot_one/obstacle_avoidance.py:43:5: E303 too many blank lines (2)
[6.835s] 3: 
[6.835s] 3: ./articubot_one/obstacle_avoidance.py:43:28: E231 missing whitespace after ','
[6.836s] 3: 
[6.836s] 3: ./articubot_one/obstacle_avoidance.py:47:1: W293 blank line contains whitespace
[6.836s] 3: 
[6.836s] 3: ./articubot_one/obstacle_avoidance.py:48:15: E275 missing whitespace after keyword
[6.836s] 3: 
[6.837s] 3: ./articubot_one/obstacle_avoidance.py:48:26: E203 whitespace before ':'
[6.838s] 3: 
[6.842s] 3: ./articubot_one/obstacle_avoidance.py:49:13: E265 block comment should start with '# '
[6.842s] 3: 
[6.842s] 3: ./articubot_one/obstacle_avoidance.py:49:27: W291 trailing whitespace
[6.842s] 3: 
[6.843s] 3: ./articubot_one/obstacle_avoidance.py:50:19: W291 trailing whitespace
[6.843s] 3: 
[6.843s] 3: ./articubot_one/obstacle_avoidance.py:51:100: E501 line too long (108 > 99 characters)
[6.843s] 3: 
[6.843s] 3: ./articubot_one/obstacle_avoidance.py:56:1: W293 blank line contains whitespace
[6.844s] 3: 
[6.844s] 3: ./articubot_one/obstacle_avoidance.py:60:9: E265 block comment should start with '# '
[6.844s] 3: 
[6.844s] 3: ./articubot_one/obstacle_avoidance.py:60:100: E501 line too long (148 > 99 characters)
[6.844s] 3: 
[6.844s] 3: ./articubot_one/obstacle_avoidance.py:61:9: E265 block comment should start with '# '
[6.847s] 3: 
[6.847s] 3: ./articubot_one/obstacle_avoidance.py:61:100: E501 line too long (106 > 99 characters)
[6.847s] 3: 
[6.847s] 3: ./articubot_one/obstacle_avoidance.py:62:100: E501 line too long (117 > 99 characters)
[6.848s] 3: 
[6.848s] 3: ./articubot_one/obstacle_avoidance.py:62:118: W291 trailing whitespace
[6.848s] 3: 
[6.848s] 3: ./articubot_one/obstacle_avoidance.py:64:67: W291 trailing whitespace
[6.848s] 3: 
[6.848s] 3: ./articubot_one/obstacle_avoidance.py:65:88: W291 trailing whitespace
[6.849s] 3: 
[6.849s] 3: ./articubot_one/obstacle_avoidance.py:75:18: E114 indentation is not a multiple of 4 (comment)
[6.849s] 3: 
[6.849s] 3: ./articubot_one/obstacle_avoidance.py:75:18: E117 over-indented (comment)
[6.849s] 3: 
[6.849s] 3: ./articubot_one/obstacle_avoidance.py:76:18: E111 indentation is not a multiple of 4
[6.850s] 3: 
[6.857s] 3: ./articubot_one/obstacle_avoidance.py:76:18: E117 over-indented
[6.857s] 3: 
[6.857s] 3: ./articubot_one/obstacle_avoidance.py:77:1: W293 blank line contains whitespace
[6.858s] 3: 
[6.858s] 3: ./articubot_one/obstacle_avoidance.py:78:22: E111 indentation is not a multiple of 4
[6.858s] 3: 
[6.858s] 3: ./articubot_one/obstacle_avoidance.py:78:100: E501 line too long (104 > 99 characters)
[6.859s] 3: 
[6.860s] 3: ./articubot_one/obstacle_avoidance.py:86:100: W291 trailing whitespace
[6.860s] 3: 
[6.860s] 3: ./articubot_one/obstacle_avoidance.py:87:29: E203 whitespace before ':'
[6.864s] 3: 
[6.866s] 3: ./articubot_one/obstacle_avoidance.py:88:12: E111 indentation is not a multiple of 4
[6.866s] 3: 
[6.866s] 3: ./articubot_one/obstacle_avoidance.py:88:100: E501 line too long (115 > 99 characters)
[6.866s] 3: 
[6.866s] 3: ./articubot_one/obstacle_avoidance.py:89:12: E111 indentation is not a multiple of 4
[6.866s] 3: 
[6.867s] 3: ./articubot_one/obstacle_avoidance.py:90:12: E111 indentation is not a multiple of 4
[6.867s] 3: 
[6.867s] 3: ./articubot_one/obstacle_avoidance.py:90:29: E225 missing whitespace around operator
[6.867s] 3: 
[6.867s] 3: ./articubot_one/obstacle_avoidance.py:91:12: E111 indentation is not a multiple of 4
[6.873s] 3: 
[6.874s] 3: ./articubot_one/obstacle_avoidance.py:93:12: E111 indentation is not a multiple of 4
[6.874s] 3: 
[6.874s] 3: ./articubot_one/obstacle_avoidance.py:93:35: F541 f-string is missing placeholders
[6.874s] 3: 
[6.874s] 3: ./articubot_one/obstacle_avoidance.py:93:59: W291 trailing whitespace
[6.875s] 3: 
[6.881s] 3: ./articubot_one/obstacle_avoidance.py:95:1: E302 expected 2 blank lines, found 1
[6.881s] 3: 
[6.881s] 3: ./articubot_one/obstacle_avoidance.py:99:25: E261 at least two spaces before inline comment
[6.881s] 3: 
[6.881s] 3: ./articubot_one/obstacle_avoidance.py:101:100: E501 line too long (100 > 99 characters)
[6.882s] 3: 
[6.882s] 3: ./articubot_one/obstacle_avoidance.py:116:1: E305 expected 2 blank lines after class or function definition, found 1
[6.882s] 3: 
[6.882s] 3: ./articubot_one/obstacle_avoidance.py:117:11: W291 trailing whitespace
[6.882s] 3: 
[6.882s] 3: ./launch/ball_tracker.launch.py:2:1: I201 Missing newline between import groups. 'from ament_index_python.packages import get_package_share_directory' is identified as Third Party and 'import os' is identified as Stdlib.
[6.883s] 3: 
[6.883s] 3: ./launch/ball_tracker.launch.py:8:1: I100 Import statements are in the wrong order. 'from launch.actions import DeclareLaunchArgument' should be before 'from launch.substitutions import PythonExpression'
[6.883s] 3: 
[6.883s] 3: ./launch/ball_tracker.launch.py:13:20: E225 missing whitespace around operator
[6.887s] 3: 
[6.888s] 3: ./launch/ball_tracker.launch.py:17:83: E231 missing whitespace after ','
[6.888s] 3: 
[6.888s] 3: ./launch/ball_tracker.launch.py:17:92: E231 missing whitespace after ','
[6.888s] 3: 
[6.888s] 3: ./launch/ball_tracker.launch.py:17:100: E501 line too long (123 > 99 characters)
[6.889s] 3: 
[6.889s] 3: ./launch/ball_tracker.launch.py:18:85: E231 missing whitespace after ','
[6.889s] 3: 
[6.889s] 3: ./launch/ball_tracker.launch.py:18:94: E231 missing whitespace after ','
[6.889s] 3: 
[6.890s] 3: ./launch/ball_tracker.launch.py:18:100: E501 line too long (127 > 99 characters)
[6.890s] 3: 
[6.890s] 3: ./launch/ball_tracker.launch.py:20:40: E231 missing whitespace after ','
[6.890s] 3: 
[6.890s] 3: ./launch/ball_tracker.launch.py:20:100: E501 line too long (129 > 99 characters)
[6.890s] 3: 
[6.891s] 3: ./launch/ball_tracker.launch.py:24:100: E501 line too long (103 > 99 characters)
[6.891s] 3: 
[6.891s] 3: ./launch/ball_tracker.launch.py:25:21: E131 continuation line unaligned for hanging indent
[6.891s] 3: 
[6.891s] 3: ./launch/ball_tracker.launch.py:26:37: E128 continuation line under-indented for visual indent
[6.891s] 3: 
[6.892s] 3: ./launch/ball_tracker.launch.py:27:37: E128 continuation line under-indented for visual indent
[6.892s] 3: 
[6.892s] 3: ./launch/ball_tracker.launch.py:28:37: E128 continuation line under-indented for visual indent
[6.893s] 3: 
[6.893s] 3: ./launch/camera.launch.py:1:1: F401 'os' imported but unused
[6.893s] 3: 
[6.893s] 3: ./launch/camera.launch.py:6:1: E302 expected 2 blank lines, found 1
[6.893s] 3: 
[6.894s] 3: ./launch/camera.launch.py:10:5: E303 too many blank lines (3)
[6.894s] 3: 
[6.894s] 3: ./launch/camera.launch.py:18:35: E231 missing whitespace after ','
[6.894s] 3: 
[6.894s] 3: ./launch/camera.launch.py:22:5: E122 continuation line missing indentation or outdented
[6.894s] 3: 
[6.895s] 3: from launch.substitutions import LaunchConfiguration
[6.895s] 3: ^
[6.895s] 3: from launch.actions import DeclareLaunchArgument
[6.895s] 3: ^
[6.895s] 3: import os
[6.895s] 3: ^
[6.896s] 3: from ament_index_python.packages import get_package_share_directory
[6.896s] 3: ^
[6.896s] 3: def generate_launch_description():
[6.896s] 3: ^
[6.897s] 3:     joy_params = os.path.join(get_package_share_directory('articubot_one'),'config','joystick.yaml')
[6.897s] 3:                                                                           ^
[6.897s] 3:     joy_params = os.path.join(get_package_share_directory('articubot_one'),'config','joystick.yaml')
[6.897s] 3:                                                                                    ^
[6.897s] 3:     joy_params = os.path.join(get_package_share_directory('articubot_one'),'config','joystick.yaml')
[6.897s] 3:                                                                                                    ^
[6.898s] 3:             remappings=[('/cmd_vel','/cmd_vel_joy')]
[6.898s] 3:                                    ^
[6.898s] 3:             remappings=[('/cmd_vel_in','/diff_cont/cmd_vel_unstamped'),
[6.898s] 3:                                       ^
[6.898s] 3:                         ('/cmd_vel_out','/diff_cont/cmd_vel')]
[6.899s] 3:                                        ^
[6.899s] 3:     return LaunchDescription([
[6.899s] 3:     ^
[6.899s] 3:         twist_stamper       
[6.899s] 3:                      ^
[6.900s] 3:     ])      ^
[6.900s] 3: from launch.actions import RegisterEventHandler
[6.900s] 3: ^
[6.900s] 3: def generate_launch_description():
[6.900s] 3: ^
[6.900s] 3:     # Include the robot_state_publisher launch file, provided by our own package. Force sim time to be enabled
[6.901s] 3:     ^
[6.901s] 3:     # Include the robot_state_publisher launch file, provided by our own package. Force sim time to be enabled
[6.901s] 3:                                                                                                    ^
[6.902s] 3:     package_name='articubot_one' #<--- CHANGE ME
[6.902s] 3:                 ^
[6.902s] 3:     package_name='articubot_one' #<--- CHANGE ME
[6.902s] 3:                                 ^
[6.902s] 3:     package_name='articubot_one' #<--- CHANGE ME
[6.902s] 3:                                  ^
[6.903s] 3:                     get_package_share_directory(package_name),'launch','rsp.launch.py'
[6.903s] 3:                                                              ^
[6.903s] 3:                     get_package_share_directory(package_name),'launch','rsp.launch.py'
[6.903s] 3:                                                                       ^
[6.903s] 3:     twist_mux_params = os.path.join(get_package_share_directory(package_name),'config','twist_mux.yaml')
[6.904s] 3:     ^
[6.904s] 3:     twist_mux_params = os.path.join(get_package_share_directory(package_name),'config','twist_mux.yaml')
[6.904s] 3:                                                                              ^
[6.904s] 3:     twist_mux_params = os.path.join(get_package_share_directory(package_name),'config','twist_mux.yaml')
[6.904s] 3:                                                                                       ^
[6.905s] 3:     twist_mux_params = os.path.join(get_package_share_directory(package_name),'config','twist_mux.yaml')
[6.905s] 3:                                                                                                    ^
[6.905s] 3:             package="twist_mux",
[6.905s] 3:                     ^
[6.905s] 3:             executable="twist_mux",
[6.905s] 3:                        ^
[6.906s] 3:             remappings=[('/cmd_vel_out','/diff_cont/cmd_vel_unstamped')]
[6.906s] 3:                                        ^
[6.906s] 3:     
[6.907s] 3: ^
[6.907s] 3:     robot_description = Command(['ros2 param get --hide-type /robot_state_publisher robot_description'])
[6.907s] 3:     ^
[6.907s] 3:     robot_description = Command(['ros2 param get --hide-type /robot_state_publisher robot_description'])
[6.907s] 3:                                                                                                    ^
[6.907s] 3:     controller_params_file = os.path.join(get_package_share_directory(package_name),'config','my_controllers.yaml')
[6.909s] 3:                                                                                    ^
[6.910s] 3:     controller_params_file = os.path.join(get_package_share_directory(package_name),'config','my_controllers.yaml')
[6.910s] 3:                                                                                             ^
[6.910s] 3:     controller_params_file = os.path.join(get_package_share_directory(package_name),'config','my_controllers.yaml')
[6.910s] 3:                                                                                                    ^
[6.911s] 3:         package="controller_manager",
[6.911s] 3:                 ^
[6.912s] 3:         executable="ros2_control_node",
[6.912s] 3:                    ^
[6.912s] 3:         package="controller_manager",
[6.912s] 3:                 ^
[6.912s] 3:         executable="spawner",
[6.912s] 3:                    ^
[6.913s] 3:         arguments=["diff_cont"],
[6.913s] 3:                    ^
[6.913s] 3:         package="controller_manager",
[6.913s] 3:                 ^
[6.913s] 3:         executable="spawner",
[6.913s] 3:                    ^
[6.914s] 3:         arguments=["joint_broad"],
[6.919s] 3:                    ^
[6.919s] 3:     # Code for delaying a node (I haven't tested how effective it is)
[6.919s] 3:     ^
[6.919s] 3:     # 
[6.920s] 3:      ^
[6.920s] 3:     # Launch them all!
[6.920s] 3:     ^
[6.920s] 3: from launch.actions import IncludeLaunchDescription, DeclareLaunchArgument
[6.920s] 3: ^
[6.921s] 3: def generate_launch_description():
[6.922s] 3: ^
[6.929s] 3:     # Include the robot_state_publisher launch file, provided by our own package. Force sim time to be enabled
[6.929s] 3:     ^
[6.929s] 3:     # Include the robot_state_publisher launch file, provided by our own package. Force sim time to be enabled
[6.929s] 3:                                                                                                    ^
[6.929s] 3:     package_name='articubot_one' #<--- CHANGE ME
[6.930s] 3:                 ^
[6.930s] 3:     package_name='articubot_one' #<--- CHANGE ME
[6.930s] 3:                                 ^
[6.930s] 3:     package_name='articubot_one' #<--- CHANGE ME
[6.930s] 3:                                  ^
[6.936s] 3:                     get_package_share_directory(package_name),'launch','rsp.launch.py'
[6.937s] 3:                                                              ^
[6.937s] 3:                     get_package_share_directory(package_name),'launch','rsp.launch.py'
[6.939s] 3:                                                                       ^
[6.939s] 3:                     get_package_share_directory(package_name),'launch','joystick.launch.py'
[6.940s] 3:                                                              ^
[6.940s] 3:                     get_package_share_directory(package_name),'launch','joystick.launch.py'
[6.940s] 3:                                                                       ^
[6.940s] 3:     twist_mux_params = os.path.join(get_package_share_directory(package_name),'config','twist_mux.yaml')
[6.944s] 3:                                                                              ^
[6.944s] 3:     twist_mux_params = os.path.join(get_package_share_directory(package_name),'config','twist_mux.yaml')
[6.945s] 3:                                                                                       ^
[6.945s] 3:     twist_mux_params = os.path.join(get_package_share_directory(package_name),'config','twist_mux.yaml')
[6.945s] 3:                                                                                                    ^
[6.945s] 3:             package="twist_mux",
[6.945s] 3:                     ^
[6.946s] 3:             executable="twist_mux",
[6.954s] 3:                        ^
[6.954s] 3:             remappings=[('/cmd_vel_out','/diff_cont/cmd_vel_unstamped')]
[6.954s] 3:                                        ^
[6.955s] 3:     default_world = os.path.join(
[6.955s] 3:     ^
[6.955s] 3:         )    
[6.955s] 3:          ^
[6.956s] 3:     
[6.956s] 3: ^
[6.956s] 3:                     launch_arguments={'gz_args': ['-r -v4 ', world], 'on_exit_shutdown': 'true'}.items()
[6.964s] 3:                     ^
[6.964s] 3:                     launch_arguments={'gz_args': ['-r -v4 ', world], 'on_exit_shutdown': 'true'}.items()
[6.965s] 3:                                                                                                    ^
[6.965s] 3:     # Run the spawner node from the ros_gz_sim package. The entity name doesn't really matter if you only have a single robot.
[6.965s] 3:                                                                                                    ^
[6.965s] 3:     diff_drive_spawner = Node(
[6.966s] 3:     ^
[6.969s] 3:         package="controller_manager",
[6.969s] 3:                 ^
[6.969s] 3:         executable="spawner",
[6.969s] 3:                    ^
[6.969s] 3:         arguments=["diff_cont"],
[6.975s] 3:                    ^
[6.975s] 3:         package="controller_manager",
[6.976s] 3:                 ^
[6.976s] 3:         executable="spawner",
[6.976s] 3:                    ^
[6.976s] 3:         arguments=["joint_broad"],
[6.976s] 3:                    ^
[6.977s] 3:     bridge_params = os.path.join(get_package_share_directory(package_name),'config','gz_bridge.yaml')
[6.977s] 3:     ^
[6.977s] 3:     bridge_params = os.path.join(get_package_share_directory(package_name),'config','gz_bridge.yaml')
[6.977s] 3:                                                                           ^
[6.978s] 3:     bridge_params = os.path.join(get_package_share_directory(package_name),'config','gz_bridge.yaml')
[6.978s] 3:                                                                                    ^
[6.979s] 3:     bridge_params = os.path.join(get_package_share_directory(package_name),'config','gz_bridge.yaml')
[6.979s] 3:                                                                                                    ^
[6.979s] 3:         package="ros_gz_bridge",
[6.980s] 3:                 ^
[6.980s] 3:         executable="parameter_bridge",
[6.980s] 3:                    ^
[6.980s] 3:         package="ros_gz_image",
[6.980s] 3:                 ^
[6.981s] 3:         executable="image_bridge",
[6.981s] 3:                    ^
[6.981s] 3:         arguments=["/camera/image_raw"]
[6.981s] 3:                    ^
[6.981s] 3:     # Code for delaying a node (I haven't tested how effective it is)
[6.981s] 3:     ^
[6.982s] 3:     # 
[6.982s] 3:      ^
[6.984s] 3:     # Launch them all!
[6.984s] 3:     ^
[6.985s] 3: from ament_index_python.packages import get_package_share_directory
[6.985s] 3: ^
[6.985s] 3:     default_params_file = os.path.join(get_package_share_directory("articubot_one"),
[6.985s] 3:                                                                    ^
[6.985s] 3: import os
[6.985s] 3: ^
[6.986s] 3: ./launch/joystick.launch.py:3:1: I100 Import statements are in the wrong order. 'from launch.substitutions import LaunchConfiguration' should be before 'from launch_ros.actions import Node'
[6.986s] 3: 
[6.987s] 3: ./launch/joystick.launch.py:4:1: I100 Import statements are in the wrong order. 'from launch.actions import DeclareLaunchArgument' should be before 'from launch.substitutions import LaunchConfiguration'
[6.987s] 3: 
[6.987s] 3: ./launch/joystick.launch.py:6:1: I100 Import statements are in the wrong order. 'import os' should be before 'from launch.actions import DeclareLaunchArgument' and in a different group.
[6.987s] 3: 
[6.990s] 3: ./launch/joystick.launch.py:7:1: I201 Missing newline between import groups. 'from ament_index_python.packages import get_package_share_directory' is identified as Third Party and 'import os' is identified as Stdlib.
[6.990s] 3: 
[6.990s] 3: ./launch/joystick.launch.py:9:1: E302 expected 2 blank lines, found 1
[6.990s] 3: 
[6.990s] 3: ./launch/joystick.launch.py:12:75: E231 missing whitespace after ','
[6.991s] 3: 
[6.991s] 3: ./launch/joystick.launch.py:12:84: E231 missing whitespace after ','
[6.991s] 3: 
[6.991s] 3: ./launch/joystick.launch.py:12:100: E501 line too long (100 > 99 characters)
[6.991s] 3: 
[6.992s] 3: ./launch/joystick.launch.py:25:36: E231 missing whitespace after ','
[6.992s] 3: 
[6.992s] 3: ./launch/joystick.launch.py:32:39: E231 missing whitespace after ','
[6.992s] 3: 
[6.992s] 3: ./launch/joystick.launch.py:33:40: E231 missing whitespace after ','
[6.992s] 3: 
[6.998s] 3: ./launch/joystick.launch.py:37:5: E303 too many blank lines (2)
[6.998s] 3: 
[6.998s] 3: ./launch/joystick.launch.py:44:22: W291 trailing whitespace
[6.998s] 3: 
[6.998s] 3: ./launch/joystick.launch.py:45:7: W292 no newline at end of file
[6.999s] 3: 
[6.999s] 3: ./launch/launch_robot.launch.py:10:1: I100 Import statements are in the wrong order. 'from launch.actions import RegisterEventHandler' should be before 'from launch.substitutions import Command'
[6.999s] 3: 
[6.999s] 3: ./launch/launch_robot.launch.py:17:1: E303 too many blank lines (3)
[6.999s] 3: 
[6.999s] 3: ./launch/launch_robot.launch.py:20:5: E303 too many blank lines (2)
[6.999s] 3: 
[7.000s] 3: ./launch/launch_robot.launch.py:20:100: E501 line too long (110 > 99 characters)
[7.000s] 3: 
[7.000s] 3: ./launch/launch_robot.launch.py:23:17: E225 missing whitespace around operator
[7.000s] 3: 
[7.001s] 3: ./launch/launch_robot.launch.py:23:33: E261 at least two spaces before inline comment
[7.001s] 3: 
[7.001s] 3: ./launch/launch_robot.launch.py:23:34: E262 inline comment should start with '# '
[7.001s] 3: 
[7.001s] 3: ./launch/launch_robot.launch.py:27:62: E231 missing whitespace after ','
[7.002s] 3: 
[7.002s] 3: ./launch/launch_robot.launch.py:27:71: E231 missing whitespace after ','
[7.002s] 3: 
[7.002s] 3: ./launch/launch_robot.launch.py:38:5: E303 too many blank lines (2)
[7.002s] 3: 
[7.002s] 3: ./launch/launch_robot.launch.py:38:78: E231 missing whitespace after ','
[7.003s] 3: 
[7.003s] 3: ./launch/launch_robot.launch.py:38:87: E231 missing whitespace after ','
[7.003s] 3: 
[7.003s] 3: ./launch/launch_robot.launch.py:38:100: E501 line too long (104 > 99 characters)
[7.004s] 3: 
[7.004s] 3: ./launch/launch_robot.launch.py:40:21: Q000 Double quotes found but single quotes preferred
[7.004s] 3: 
[7.004s] 3: ./launch/launch_robot.launch.py:41:24: Q000 Double quotes found but single quotes preferred
[7.004s] 3: 
[7.004s] 3: ./launch/launch_robot.launch.py:43:40: E231 missing whitespace after ','
[7.005s] 3: 
[7.005s] 3: ./launch/launch_robot.launch.py:46:1: W293 blank line contains whitespace
[7.005s] 3: 
[7.005s] 3: ./launch/launch_robot.launch.py:49:5: E303 too many blank lines (4)
[7.005s] 3: 
[7.005s] 3: ./launch/launch_robot.launch.py:49:100: E501 line too long (104 > 99 characters)
[7.005s] 3: 
[7.006s] 3: ./launch/launch_robot.launch.py:51:84: E231 missing whitespace after ','
[7.006s] 3: 
[7.006s] 3: ./launch/launch_robot.launch.py:51:93: E231 missing whitespace after ','
[7.006s] 3: 
[7.006s] 3: ./launch/launch_robot.launch.py:51:100: E501 line too long (115 > 99 characters)
[7.006s] 3: 
[7.007s] 3: ./launch/launch_robot.launch.py:54:17: Q000 Double quotes found but single quotes preferred
[7.007s] 3: 
[7.008s] 3: ./launch/launch_robot.launch.py:55:20: Q000 Double quotes found but single quotes preferred
[7.008s] 3: 
[7.008s] 3: ./launch/launch_robot.launch.py:63:17: Q000 Double quotes found but single quotes preferred
[7.009s] 3: 
[7.009s] 3: ./launch/launch_robot.launch.py:64:20: Q000 Double quotes found but single quotes preferred
[7.009s] 3: 
[7.009s] 3: ./launch/launch_robot.launch.py:65:20: Q000 Double quotes found but single quotes preferred
[7.009s] 3: 
[7.009s] 3: ./launch/launch_robot.launch.py:76:17: Q000 Double quotes found but single quotes preferred
[7.010s] 3: 
[7.010s] 3: ./launch/launch_robot.launch.py:77:20: Q000 Double quotes found but single quotes preferred
[7.010s] 3: 
[7.010s] 3: ./launch/launch_robot.launch.py:78:20: Q000 Double quotes found but single quotes preferred
[7.010s] 3: 
[7.010s] 3: ./launch/launch_robot.launch.py:89:5: E303 too many blank lines (2)
[7.012s] 3: 
[7.012s] 3: ./launch/launch_robot.launch.py:90:6: W291 trailing whitespace
[7.013s] 3: 
[7.013s] 3: ./launch/launch_robot.launch.py:107:5: E303 too many blank lines (3)
[7.013s] 3: 
[7.013s] 3: ./launch/launch_sim.launch.py:7:1: I101 Imported names are in the wrong order. Should be DeclareLaunchArgument, IncludeLaunchDescription
[7.013s] 3: 
[7.013s] 3: ./launch/launch_sim.launch.py:15:1: E303 too many blank lines (3)
[7.014s] 3: 
[7.014s] 3: ./launch/launch_sim.launch.py:18:5: E303 too many blank lines (2)
[7.014s] 3: 
[7.014s] 3: ./launch/launch_sim.launch.py:18:100: E501 line too long (110 > 99 characters)
[7.014s] 3: 
[7.014s] 3: ./launch/launch_sim.launch.py:21:17: E225 missing whitespace around operator
[7.015s] 3: 
[7.023s] 3: ./launch/launch_sim.launch.py:21:33: E261 at least two spaces before inline comment
[7.023s] 3: 
[7.023s] 3: ./launch/launch_sim.launch.py:21:34: E262 inline comment should start with '# '
[7.023s] 3: 
[7.024s] 3: ./launch/launch_sim.launch.py:25:62: E231 missing whitespace after ','
[7.024s] 3: 
[7.024s] 3: ./launch/launch_sim.launch.py:25:71: E231 missing whitespace after ','
[7.024s] 3: 
[7.024s] 3: ./launch/launch_sim.launch.py:31:62: E231 missing whitespace after ','
[7.025s] 3: 
[7.025s] 3: ./launch/launch_sim.launch.py:31:71: E231 missing whitespace after ','
[7.025s] 3: 
[7.025s] 3: ./launch/launch_sim.launch.py:35:78: E231 missing whitespace after ','
[7.025s] 3: 
[7.025s] 3: ./launch/launch_sim.launch.py:35:87: E231 missing whitespace after ','
[7.032s] 3: 
[7.032s] 3: ./launch/launch_sim.launch.py:35:100: E501 line too long (104 > 99 characters)
[7.032s] 3: 
[7.032s] 3: ./launch/launch_sim.launch.py:37:21: Q000 Double quotes found but single quotes preferred
[7.033s] 3: 
[7.033s] 3: ./launch/launch_sim.launch.py:38:24: Q000 Double quotes found but single quotes preferred
[7.033s] 3: 
[7.033s] 3: ./launch/launch_sim.launch.py:40:40: E231 missing whitespace after ','
[7.033s] 3: 
[7.033s] 3: ./launch/launch_sim.launch.py:44:5: E303 too many blank lines (2)
[7.034s] 3: 
[7.034s] 3: ./launch/launch_sim.launch.py:48:10: W291 trailing whitespace
[7.034s] 3: 
[7.034s] 3: ./launch/launch_sim.launch.py:49:1: W293 blank line contains whitespace
[7.034s] 3: 
[7.035s] 3: ./launch/launch_sim.launch.py:62:21: E131 continuation line unaligned for hanging indent
[7.038s] 3: 
[7.038s] 3: ./launch/launch_sim.launch.py:62:100: E501 line too long (104 > 99 characters)
[7.038s] 3: 
[7.038s] 3: ./launch/launch_sim.launch.py:65:100: E501 line too long (126 > 99 characters)
[7.039s] 3: 
[7.039s] 3: ./launch/launch_sim.launch.py:73:5: E303 too many blank lines (2)
[7.039s] 3: 
[7.039s] 3: ./launch/launch_sim.launch.py:74:17: Q000 Double quotes found but single quotes preferred
[7.039s] 3: 
[7.039s] 3: ./launch/launch_sim.launch.py:75:20: Q000 Double quotes found but single quotes preferred
[7.039s] 3: 
[7.040s] 3: ./launch/launch_sim.launch.py:76:20: Q000 Double quotes found but single quotes preferred
[7.040s] 3: 
[7.040s] 3: ./launch/launch_sim.launch.py:80:17: Q000 Double quotes found but single quotes preferred
[7.040s] 3: 
[7.040s] 3: ./launch/launch_sim.launch.py:81:20: Q000 Double quotes found but single quotes preferred
[7.040s] 3: 
[7.042s] 3: ./launch/launch_sim.launch.py:82:20: Q000 Double quotes found but single quotes preferred
[7.042s] 3: 
[7.042s] 3: ./launch/launch_sim.launch.py:86:5: E303 too many blank lines (2)
[7.043s] 3: 
[7.045s] 3: ./launch/launch_sim.launch.py:86:75: E231 missing whitespace after ','
[7.045s] 3: 
[7.045s] 3: ./launch/launch_sim.launch.py:86:84: E231 missing whitespace after ','
[7.045s] 3: 
[7.046s] 3: ./launch/launch_sim.launch.py:86:100: E501 line too long (101 > 99 characters)
[7.046s] 3: 
[7.046s] 3: ./launch/launch_sim.launch.py:88:17: Q000 Double quotes found but single quotes preferred
[7.046s] 3: 
[7.046s] 3: ./launch/launch_sim.launch.py:89:20: Q000 Double quotes found but single quotes preferred
[7.046s] 3: 
[7.046s] 3: ./launch/launch_sim.launch.py:98:17: Q000 Double quotes found but single quotes preferred
[7.050s] 3: 
[7.050s] 3: ./launch/launch_sim.launch.py:99:20: Q000 Double quotes found but single quotes preferred
[7.050s] 3: 
[7.054s] 3: ./launch/launch_sim.launch.py:100:20: Q000 Double quotes found but single quotes preferred
[7.054s] 3: 
[7.054s] 3: ./launch/launch_sim.launch.py:105:5: E303 too many blank lines (3)
[7.054s] 3: 
[7.055s] 3: ./launch/launch_sim.launch.py:106:6: W291 trailing whitespace
[7.055s] 3: 
[7.055s] 3: ./launch/launch_sim.launch.py:123:5: E303 too many blank lines (3)
[7.055s] 3: 
[7.055s] 3: ./launch/online_async_launch.py:8:1: I100 Import statements are in the wrong order. 'from ament_index_python.packages import get_package_share_directory' should be before 'from launch_ros.actions import Node'
[7.055s] 3: 
[7.057s] 3: ./launch/online_async_launch.py:15:68: Q000 Double quotes found but single quotes preferred
[7.058s] 3: 
[7.058s] 3: ./launch/rplidar.launch.py:1:1: F401 'os' imported but unused
[7.062s] 3: 
[7.062s] 3: ./launch/rplidar.launch.py:2:1: I201 Missing newline between import groups. 'from launch import LaunchDescription' is identified as Third Party and 'import os' is identified as Stdlib.
[7.062s] 3: from launch import LaunchDescription
[7.062s] 3: ^
[7.063s] 3: def generate_launch_description():
[7.063s] 3: ^
[7.063s] 3:                 'serial_port': '/dev/serial/by-path/platform-fd500000.pcie-pci-0000:01:00.0-usb-0:1.3:1.0-port0',
[7.063s] 3:                                                                                                    ^
[7.063s] 3: from launch.substitutions import LaunchConfiguration, Command
[7.064s] 3: ^
[7.066s] 3: from launch.actions import DeclareLaunchArgument
[7.066s] 3: ^
[7.066s] 3: import xacro
[7.069s] 3: ^
[7.070s] 3:     xacro_file = os.path.join(pkg_path,'description','robot.urdf.xacro')
[7.070s] 3:                                       ^
[7.070s] 3:     xacro_file = os.path.join(pkg_path,'description','robot.urdf.xacro')
[7.070s] 3:                                                     ^
[7.070s] 3:     robot_description_config = Command(['xacro ', xacro_file, ' use_ros2_control:=', use_ros2_control, ' sim_mode:=', use_sim_time])
[7.071s] 3:                                                                                                    ^
[7.071s] 3:     
[7.071s] 3: ^
[7.071s] 3:     # Launch!
[7.071s] 3:     ^
[7.071s] 3: import xacro
[7.073s] 3: ^
[7.074s] 3: from ament_index_python.packages import get_package_share_directory
[7.074s] 3: ^
[7.074s] 3: from launch.actions import IncludeLaunchDescription, DeclareLaunchArgument
[7.075s] 3: ^
[7.075s] 3: from launch.conditions import IfCondition, UnlessCondition
[7.075s] 3: ^
[7.075s] 3:     # Include the robot_state_publisher launch file, provided by our own package. Force sim time to be enabled
[7.076s] 3:     ^
[7.076s] 3:     # Include the robot_state_publisher launch file, provided by our own package. Force sim time to be enabled
[7.076s] 3:                                                                                                    ^
[7.076s] 3:     package_name='articubot_one' #<--- CHANGE ME
[7.076s] 3:                 ^
[7.076s] 3:     package_name='articubot_one' #<--- CHANGE ME
[7.078s] 3:                                 ^
[7.078s] 3:     package_name='articubot_one' #<--- CHANGE ME
[7.078s] 3:                                  ^
[7.079s] 3:                     get_package_share_directory(package_name),'launch','rsp.launch.py'
[7.079s] 3:                                                              ^
[7.079s] 3:                     get_package_share_directory(package_name),'launch','rsp.launch.py'
[7.079s] 3:                                                                       ^
[7.079s] 3:         )    
[7.080s] 3:          ^
[7.080s] 3:     
[7.081s] 3: ^
[7.081s] 3:                     launch_arguments={'gz_args': ['-r -v4 ', world], 'on_exit_shutdown': 'true'}.items()
[7.082s] 3:                     ^
[7.082s] 3:                     launch_arguments={'gz_args': ['-r -v4 ', world], 'on_exit_shutdown': 'true'}.items()
[7.082s] 3:                                                                                                    ^
[7.082s] 3:     # Run the spawner node from the ros_gz_sim package. The entity name doesn't really matter if you only have a single robot.
[7.082s] 3:                                                                                                    ^
[7.083s] 3:     '''
[7.083s] 3:     bridge_params = os.path.join(get_package_share_directory(package_name),'config','gz_bridge.yaml')
[7.083s] 3:     ros_gz_bridge = Node(
[7.083s] 3:         package="ros_gz_bridge",
[7.084s] 3:         executable="parameter_bridge",
[7.084s] 3:         arguments=[
[7.085s] 3:             '--ros-args',
[7.085s] 3:             '-p',
[7.085s] 3:             f'config_file:={bridge_params}',
[7.086s] 3:         ]
[7.086s] 3:     )
[7.086s] 3:     '''
[7.086s] 3:     ^
[7.086s] 3:     '''
[7.087s] 3:     bridge_params = os.path.join(get_package_share_directory(package_name),'config','gz_bridge.yaml')
[7.087s] 3:     ros_gz_bridge = Node(
[7.087s] 3:         package="ros_gz_bridge",
[7.087s] 3:         executable="parameter_bridge",
[7.087s] 3:         arguments=[
[7.087s] 3:             '--ros-args',
[7.088s] 3:             '-p',
[7.088s] 3:             f'config_file:={bridge_params}',
[7.088s] 3:         ]
[7.088s] 3:     )
[7.088s] 3:     '''
[7.089s] 3:     ^
[7.089s] 3:     '''
[7.089s] 3:     bridge_params = os.path.join(get_package_share_directory(package_name),'config','gz_bridge.yaml')
[7.089s] 3:     ros_gz_bridge = Node(
[7.089s] 3:         package="ros_gz_bridge",
[7.090s] 3:         executable="parameter_bridge",
[7.090s] 3:         arguments=[
[7.090s] 3:             '--ros-args',
[7.090s] 3:             '-p',
[7.090s] 3:             f'config_file:={bridge_params}',
[7.091s] 3:         ]
[7.091s] 3:     )
[7.091s] 3:     '''
[7.091s] 3:        
[7.091s] 3:                                                                                            ^
[7.092s] 3:     package='ros_gz_bridge',
[7.094s] 3:     ^
[7.094s] 3:     executable='parameter_bridge',
[7.094s] 3:     ^
[7.095s] 3:     arguments=[
[7.095s] 3:     ^
[7.095s] 3:           '/odom@nav_msgs/msg/Odometry@gz.msgs.Odometry',
[7.095s] 3:           ^
[7.095s] 3:          '/scan@sensor_msgs/msg/LaserScan@gz.msgs.LaserScan',
[7.096s] 3:          ^
[7.096s] 3:     output='screen'
[7.096s] 3:     ^
[7.096s] 3: )
[7.096s] 3: ^
[7.096s] 3:         package="ros_gz_image",
[7.097s] 3:                 ^
[7.097s] 3:         executable="image_bridge",
[7.097s] 3:                    ^
[7.097s] 3:         arguments=["/camera/image_raw"]
[7.097s] 3:                    ^
[7.098s] 3:     #Adding rviz plugin
[7.098s] 3:     ^
[7.098s] 3:     share_dir=get_package_share_directory('articubot_one')
[7.098s] 3:              ^
[7.099s] 3:     
[7.099s] 3: ^
[7.099s] 3:         
[7.100s] 3: ^
[7.100s] 3:         
[7.100s] 3: ^
[7.101s] 3:         
[7.102s] 3: ^
[7.102s] 3: import time 
[7.102s] 3: ^
[7.102s] 3: import time 
[7.103s] 3: ^
[7.103s] 3: import time 
[7.103s] 3:            ^
[7.103s] 3: from rclpy.executors import SingleThreadedExecutor
[7.103s] 3: ^
[7.103s] 3: from sensor_msgs.msg import LaserScan
[7.104s] 3: ^
[7.104s] 3: from geometry_msgs.msg import Twist 
[7.104s] 3: ^
[7.104s] 3: from geometry_msgs.msg import Twist 
[7.104s] 3: ^
[7.105s] 3: from geometry_msgs.msg import Twist 
[7.105s] 3:                                    ^
[7.105s] 3: from articubot_one.obstacle_avoidance import Obstacle 
[7.105s] 3: ^
[7.105s] 3: from articubot_one.obstacle_avoidance import Obstacle 
[7.106s] 3:                                                      ^
[7.106s] 3: @pytest.fixture(scope='module')
[7.106s] 3: ^
[7.106s] 3: @pytest.fixture
[7.106s] 3: ^
[7.107s] 3:              executor.spin_once(0.1) # Spin briefly to process events
[7.108s] 3:              ^
[7.108s] 3:              executor.spin_once(0.1) # Spin briefly to process events
[7.108s] 3:              ^
[7.108s] 3:              executor.spin_once(0.1) # Spin briefly to process events
[7.109s] 3:                                     ^
[7.109s] 3:         yield node, executor # Yield the node and executor
[7.109s] 3:                             ^
[7.109s] 3:              executor.shutdown()
[7.109s] 3:              ^
[7.109s] 3:              executor.shutdown()
[7.110s] 3:              ^
[7.110s] 3:     assert node.get_name() == "Laser_Obstacle_Avoidance"
[7.110s] 3:                               ^
[7.110s] 3:     assert node.laser_sub.topic_name == '/scan' # Often includes the leading slash in ROS 2
[7.110s] 3:                                                ^
[7.111s] 3:     assert node.cmd_vel_pub.topic_name == '/cmd_vel' # Often includes the leading slash
[7.111s] 3:                                                     ^
[7.111s] 3:         assert isinstance(threshold, float), f"expect the threshold to be a float"
[7.111s] 3:                                              ^
[7.111s] 3:         assert isinstance(threshold, float), f"expect the threshold to be a float"
[7.112s] 3:                                              ^
[7.112s] 3:         assert isinstance(scan_topic, str), f"expect the scan topic to be a string"
[7.112s] 3:                                             ^
[7.112s] 3:         assert isinstance(scan_topic, str), f"expect the scan topic to be a string"
[7.112s] 3:                                             ^
[7.113s] 3:         assert isinstance(cmd_topic, str), f"expect the cmd velocity command to be a string"
[7.113s] 3:                                            ^
[7.113s] 3:         assert isinstance(cmd_topic, str), f"expect the cmd velocity command to be a string"
[7.113s] 3:                                            ^
[7.113s] 3:         assert isinstance(front_sector_angle, float), f'expect the angle of sector to be a float'
[7.114s] 3:                                                       ^
[7.114s] 3:         assert scan_topic == "/scan"
[7.114s] 3:                              ^
[7.115s] 3:         assert cmd_topic == "/cmd_vel"
[7.115s] 3:                             ^
[7.116s] 3:         pytest.fail(f"Parameter not declared: {e}")
[7.116s] 3:                     ^
[7.116s] 3:         pytest.fail(f"Error getting parameter: {e}")
[7.116s] 3:                     ^
[7.116s] 3: '''
[7.117s] 3: def test_node_creation():
[7.117s] 3:     rclpy.init
[7.117s] 3:     try :
[7.117s] 3:         node=Obstacle()
[7.117s] 3:         # verify that the node has the expected name
[7.118s] 3:         assert node.get_name()=="Laser_Obstacle_Avoidance"
[7.118s] 3:         # verify that the node has the subscribed to the correct topic by name
[7.118s] 3:         assert hasattr(node,'laser_sub')
[7.118s] 3:         assert node.laser_sub.topic_name == 'scan'
[7.118s] 3:         # verify that the node is publishing to the correct topic by name 
[7.118s] 3:         assert hasattr(node,'cmd_vel_pub')
[7.119s] 3:         assert node.cmd_vel_pub.topic_name == 'cmd_vel'
[7.119s] 3:     finally :
[7.119s] 3:         rclpy.shutdown
[7.119s] 3: def test_parameter_node():
[7.119s] 3:     rclpy.init
[7.120s] 3:     try :
[7.120s] 3:         pass
[7.120s] 3:     finally :
[7.120s] 3:         rclpy.shutdown
[7.120s] 3: def test_obstacle():
[7.121s] 3:     rclpy.init
[7.121s] 3:     try :
[7.121s] 3:         node=Obstacle()
[7.121s] 3:         #get values of parameters
[7.121s] 3:         threshold=node.get_parameter('threshold_distance').value
[7.122s] 3:         scan_topic=node.get_parameter("laser_scan_topic").value
[7.123s] 3:         cmd_topic=node.get_parameter("cmd_vel_topic").value
[7.123s] 3:         front_sector_angle=node.get_parameter("frontal_detection_angle_deg").value
[7.123s] 3:         # assert the values are correct as expected 
[7.125s] 3:         # 1- check if the parameters are of expected classes 
[7.125s] 3:         assert isinstance(threshold,float) ,f"expect the threshold to be a float"
[7.125s] 3:         assert isinstance(scan_topic,str), f"expect the scan topic to be a string"
[7.126s] 3:         assert isinstance(cmd_topic,str), f"expect the cmd velocity command to be a string"
[7.126s] 3:         assert isinstance(front_sector_angle,float),f'expect the angle of sector to be a float'
[7.126s] 3:         # 2- check if the values of the parameters are correct 
[7.126s] 3:         assert threshold == 0.5
[7.126s] 3:         assert scan_topic== "scan"
[7.127s] 3:         assert cmd_topic == "cmd_vel"
[7.127s] 3:         assert front_sector_angle == 60.0 
[7.127s] 3:     finally :
[7.127s] 3:         rclpy.shutdown
[7.127s] 3: 
[7.128s] 3: 
[7.128s] 3: if __name__=='__main__' :
[7.128s] 3:     pytest.main(['-v'])
[7.128s] 3: 
[7.128s] 3: '''    ^
[7.129s] 3: '''
[7.129s] 3: def test_node_creation():
[7.130s] 3:     rclpy.init
[7.130s] 3:     try :
[7.130s] 3:         node=Obstacle()
[7.130s] 3:         # verify that the node has the expected name
[7.131s] 3:         assert node.get_name()=="Laser_Obstacle_Avoidance"
[7.131s] 3:         # verify that the node has the subscribed to the correct topic by name
[7.131s] 3:         assert hasattr(node,'laser_sub')
[7.131s] 3:         assert node.laser_sub.topic_name == 'scan'
[7.132s] 3:         # verify that the node is publishing to the correct topic by name 
[7.132s] 3:         assert hasattr(node,'cmd_vel_pub')
[7.132s] 3:         assert node.cmd_vel_pub.topic_name == 'cmd_vel'
[7.132s] 3:     finally :
[7.132s] 3:         rclpy.shutdown
[7.132s] 3: def test_parameter_node():
[7.133s] 3:     rclpy.init
[7.133s] 3:     try :
[7.133s] 3:         pass
[7.133s] 3:     finally :
[7.134s] 3:         rclpy.shutdown
[7.134s] 3: def test_obstacle():
[7.134s] 3:     rclpy.init
[7.134s] 3:     try :
[7.134s] 3:         node=Obstacle()
[7.135s] 3:         #get values of parameters
[7.135s] 3:         threshold=node.get_parameter('threshold_distance').value
[7.135s] 3:         scan_topic=node.get_parameter("laser_scan_topic").value
[7.135s] 3:         cmd_topic=node.get_parameter("cmd_vel_topic").value
[7.135s] 3:         front_sector_angle=node.get_parameter("frontal_detection_angle_deg").value
[7.135s] 3:         # assert the values are correct as expected 
[7.136s] 3:         # 1- check if the parameters are of expected classes 
[7.136s] 3:         assert isinstance(threshold,float) ,f"expect the threshold to be a float"
[7.136s] 3:         assert isinstance(scan_topic,str), f"expect the scan topic to be a string"
[7.136s] 3:         assert isinstance(cmd_topic,str), f"expect the cmd velocity command to be a string"
[7.137s] 3:         assert isinstance(front_sector_angle,float),f'expect the angle of sector to be a float'
[7.137s] 3:         # 2- check if the values of the parameters are correct 
[7.138s] 3:         assert threshold == 0.5
[7.138s] 3:         assert scan_topic== "scan"
[7.138s] 3:         assert cmd_topic == "cmd_vel"
[7.138s] 3:         assert front_sector_angle == 60.0 
[7.139s] 3:     finally :
[7.139s] 3:         rclpy.shutdown
[7.139s] 3: 
[7.139s] 3: 
[7.139s] 3: if __name__=='__main__' :
[7.140s] 3:     pytest.main(['-v'])
[7.140s] 3: 
[7.140s] 3: '''    ^
[7.140s] 3: '''
[7.140s] 3: def test_node_creation():
[7.141s] 3:     rclpy.init
[7.141s] 3:     try :
[7.141s] 3:         node=Obstacle()
[7.141s] 3:         # verify that the node has the expected name
[7.141s] 3:         assert node.get_name()=="Laser_Obstacle_Avoidance"
[7.142s] 3:         # verify that the node has the subscribed to the correct topic by name
[7.142s] 3:         assert hasattr(node,'laser_sub')
[7.142s] 3:         assert node.laser_sub.topic_name == 'scan'
[7.142s] 3:         # verify that the node is publishing to the correct topic by name 
[7.143s] 3:         assert hasattr(node,'cmd_vel_pub')
[7.143s] 3:         assert node.cmd_vel_pub.topic_name == 'cmd_vel'
[7.143s] 3:     finally :
[7.143s] 3:         rclpy.shutdown
[7.143s] 3: def test_parameter_node():
[7.143s] 3:     rclpy.init
[7.144s] 3:     try :
[7.144s] 3:         pass
[7.144s] 3:     finally :
[7.144s] 3:         rclpy.shutdown
[7.145s] 3: def test_obstacle():
[7.145s] 3:     rclpy.init
[7.145s] 3:     try :
[7.145s] 3:         node=Obstacle()
[7.146s] 3:         #get values of parameters
[7.146s] 3:         threshold=node.get_parameter('threshold_distance').value
[7.146s] 3:         scan_topic=node.get_parameter("laser_scan_topic").value
[7.146s] 3:         cmd_topic=node.get_parameter("cmd_vel_topic").value
[7.146s] 3:         front_sector_angle=node.get_parameter("frontal_detection_angle_deg").value
[7.147s] 3:         # assert the values are correct as expected 
[7.147s] 3:         # 1- check if the parameters are of expected classes 
[7.147s] 3:         assert isinstance(threshold,float) ,f"expect the threshold to be a float"
[7.147s] 3:         assert isinstance(scan_topic,str), f"expect the scan topic to be a string"
[7.147s] 3:         assert isinstance(cmd_topic,str), f"expect the cmd velocity command to be a string"
[7.148s] 3:         assert isinstance(front_sector_angle,float),f'expect the angle of sector to be a float'
[7.148s] 3:         # 2- check if the values of the parameters are correct 
[7.148s] 3:         assert threshold == 0.5
[7.148s] 3:         assert scan_topic== "scan"
[7.148s] 3:         assert cmd_topic == "cmd_vel"
[7.149s] 3:         assert front_sector_angle == 60.0 
[7.149s] 3:     finally :
[7.149s] 3:         rclpy.shutdown
[7.149s] 3: 
[7.150s] 3: 
[7.150s] 3: if __name__=='__main__' :
[7.150s] 3:     pytest.main(['-v'])
[7.150s] 3: 
[7.154s] 3: '''       
[7.154s] 3:                          
[7.154s] 3:               
[7.154s] 3:          
[7.155s] 3:                   ^
[7.155s] 3: '''
[7.155s] 3: def test_node_creation():
[7.155s] 3:     rclpy.init
[7.155s] 3:     try :
[7.155s] 3:         node=Obstacle()
[7.156s] 3:         # verify that the node has the expected name
[7.156s] 3:         assert node.get_name()=="Laser_Obstacle_Avoidance"
[7.156s] 3:         # verify that the node has the subscribed to the correct topic by name
[7.156s] 3:         assert hasattr(node,'laser_sub')
[7.157s] 3:         assert node.laser_sub.topic_name == 'scan'
[7.157s] 3:         # verify that the node is publishing to the correct topic by name 
[7.157s] 3:         assert hasattr(node,'cmd_vel_pub')
[7.157s] 3:         assert node.cmd_vel_pub.topic_name == 'cmd_vel'
[7.157s] 3:     finally :
[7.158s] 3:         rclpy.shutdown
[7.165s] 3: def test_parameter_node():
[7.165s] 3:     rclpy.init
[7.165s] 3:     try :
[7.165s] 3:         pass
[7.165s] 3:     finally :
[7.165s] 3:         rclpy.shutdown
[7.166s] 3: def test_obstacle():
[7.166s] 3:     rclpy.init
[7.166s] 3:     try :
[7.166s] 3:         node=Obstacle()
[7.166s] 3:         #get values of parameters
[7.167s] 3:         threshold=node.get_parameter('threshold_distance').value
[7.167s] 3:         scan_topic=node.get_parameter("laser_scan_topic").value
[7.167s] 3:         cmd_topic=node.get_parameter("cmd_vel_topic").value
[7.167s] 3:         front_sector_angle=node.get_parameter("frontal_detection_angle_deg").value
[7.174s] 3:         # assert the values are correct as expected 
[7.174s] 3:         # 1- check if the parameters are of expected classes 
[7.174s] 3:         assert isinstance(threshold,float) ,f"expect the threshold to be a float"
[7.174s] 3:         assert isinstance(scan_topic,str), f"expect the scan topic to be a string"
[7.175s] 3:         assert isinstance(cmd_topic,str), f"expect the cmd velocity command to be a string"
[7.175s] 3:         assert isinstance(front_sector_angle,float),f'expect the angle of sector to be a float'
[7.175s] 3:         # 2- check if the values of the parameters are correct 
[7.175s] 3:         assert threshold == 0.5
[7.175s] 3:         assert scan_topic== "scan"
[7.176s] 3:         assert cmd_topic == "cmd_vel"
[7.176s] 3:         assert front_sector_angle == 60.0 
[7.176s] 3:     finally :
[7.176s] 3:         rclpy.shutdown
[7.176s] 3: 
[7.177s] 3: 
[7.179s] 3: if __name__=='__main__' :
[7.180s] 3:     pytest.main(['-v'])
[7.180s] 3: 
[7.180s] 3: '''       
[7.180s] 3:                          
[7.180s] 3:               
[7.181s] 3:       ^
[7.181s] 3: '''
[7.181s] 3: def test_node_creation():
[7.181s] 3:     rclpy.init
[7.184s] 3:     try :
[7.184s] 3:         node=Obstacle()
[7.184s] 3:         # verify that the node has the expected name
[7.184s] 3:         assert node.get_name()=="Laser_Obstacle_Avoidance"
[7.184s] 3:         # verify that the node has the subscribed to the correct topic by name
[7.187s] 3:         assert hasattr(node,'laser_sub')
[7.187s] 3:         assert node.laser_sub.topic_name == 'scan'
[7.187s] 3:         # verify that the node is publishing to the correct topic by name 
[7.187s] 3:         assert hasattr(node,'cmd_vel_pub')
[7.187s] 3:         assert node.cmd_vel_pub.topic_name == 'cmd_vel'
[7.188s] 3:     finally :
[7.188s] 3:         rclpy.shutdown
[7.188s] 3: def test_parameter_node():
[7.188s] 3:     rclpy.init
[7.188s] 3:     try :
[7.188s] 3:         pass
[7.189s] 3:     finally :
[7.189s] 3:         rclpy.shutdown
[7.189s] 3: def test_obstacle():
[7.189s] 3:     rclpy.init
[7.189s] 3:     try :
[7.190s] 3:         node=Obstacle()
[7.192s] 3:         #get values of parameters
[7.192s] 3:         threshold=node.get_parameter('threshold_distance').value
[7.192s] 3:         scan_topic=node.get_parameter("laser_scan_topic").value
[7.192s] 3:         cmd_topic=node.get_parameter("cmd_vel_topic").value
[7.192s] 3:         front_sector_angle=node.get_parameter("frontal_detection_angle_deg").value
[7.193s] 3:         # assert the values are correct as expected 
[7.193s] 3:         # 1- check if the parameters are of expected classes 
[7.193s] 3:         assert isinstance(threshold,float) ,f"expect the threshold to be a float"
[7.193s] 3:         assert isinstance(scan_topic,str), f"expect the scan topic to be a string"
[7.193s] 3:         assert isinstance(cmd_topic,str), f"expect the cmd velocity command to be a string"
[7.194s] 3:         assert isinstance(front_sector_angle,float),f'expect the angle of sector to be a float'
[7.194s] 3:         # 2- check if the values of the parameters are correct 
[7.194s] 3:         assert threshold == 0.5
[7.194s] 3:         assert scan_topic== "scan"
[7.194s] 3:         assert cmd_topic == "cmd_vel"
[7.194s] 3:         assert front_sector_angle == 60.0 
[7.195s] 3:     finally :
[7.195s] 3:         rclpy.shutdown
[7.195s] 3: 
[7.195s] 3: 
[7.195s] 3: if __name__=='__main__' :
[7.195s] 3:     pytest.main(['-v'])
[7.196s] 3: 
[7.196s] 3: '''       
[7.196s] 3:                          
[7.196s] 3:               
[7.196s] 3:          
[7.196s] 3:      ^
[7.197s] 3: '''
[7.197s] 3: def test_node_creation():
[7.197s] 3:     rclpy.init
[7.197s] 3:     try :
[7.197s] 3:         node=Obstacle()
[7.198s] 3:         # verify that the node has the expected name
[7.198s] 3:         assert node.get_name()=="Laser_Obstacle_Avoidance"
[7.198s] 3:         # verify that the node has the subscribed to the correct topic by name
[7.198s] 3:         assert hasattr(node,'laser_sub')
[7.198s] 3:         assert node.laser_sub.topic_name == 'scan'
[7.198s] 3:         # verify that the node is publishing to the correct topic by name 
[7.199s] 3:         assert hasattr(node,'cmd_vel_pub')
[7.199s] 3:         assert node.cmd_vel_pub.topic_name == 'cmd_vel'
[7.199s] 3:     finally :
[7.199s] 3:         rclpy.shutdown
[7.199s] 3: def test_parameter_node():
[7.199s] 3:     rclpy.init
[7.200s] 3:     try :
[7.200s] 3:         pass
[7.200s] 3:     finally :
[7.200s] 3:         rclpy.shutdown
[7.200s] 3: def test_obstacle():
[7.201s] 3:     rclpy.init
[7.201s] 3:     try :
[7.201s] 3:         node=Obstacle()
[7.201s] 3:         #get values of parameters
[7.201s] 3:         threshold=node.get_parameter('threshold_distance').value
[7.202s] 3:         scan_topic=node.get_parameter("laser_scan_topic").value
[7.202s] 3:         cmd_topic=node.get_parameter("cmd_vel_topic").value
[7.202s] 3:         front_sector_angle=node.get_parameter("frontal_detection_angle_deg").value
[7.202s] 3:         # assert the values are correct as expected 
[7.202s] 3:         # 1- check if the parameters are of expected classes 
[7.202s] 3:         assert isinstance(threshold,float) ,f"expect the threshold to be a float"
[7.203s] 3:         assert isinstance(scan_topic,str), f"expect the scan topic to be a string"
[7.203s] 3:         assert isinstance(cmd_topic,str), f"expect the cmd velocity command to be a string"
[7.203s] 3:         assert isinstance(front_sector_angle,float),f'expect the angle of sector to be a float'
[7.203s] 3:         # 2- check if the values of the parameters are correct 
[7.203s] 3:         assert threshold == 0.5
[7.203s] 3:         assert scan_topic== "scan"
[7.204s] 3:         assert cmd_topic == "cmd_vel"
[7.204s] 3:         assert front_sector_angle == 60.0 
[7.204s] 3:     finally :
[7.204s] 3:         rclpy.shutdown
[7.204s] 3: 
[7.204s] 3: 
[7.204s] 3: if __name__=='__main__' :
[7.205s] 3:     pytest.main(['-v'])
[7.205s] 3: 
[7.205s] 3: '''       
[7.205s] 3:                          
[7.205s] 3:               
[7.205s] 3:          
[7.206s] 3:        ^
[7.206s] 3: '''
[7.206s] 3: def test_node_creation():
[7.206s] 3:     rclpy.init
[7.206s] 3:     try :
[7.206s] 3:         node=Obstacle()
[7.207s] 3:         # verify that the node has the expected name
[7.207s] 3:         assert node.get_name()=="Laser_Obstacle_Avoidance"
[7.207s] 3:         # verify that the node has the subscribed to the correct topic by name
[7.207s] 3:         assert hasattr(node,'laser_sub')
[7.207s] 3:         assert node.laser_sub.topic_name == 'scan'
[7.207s] 3:         # verify that the node is publishing to the correct topic by name 
[7.207s] 3:         assert hasattr(node,'cmd_vel_pub')
[7.208s] 3:         assert node.cmd_vel_pub.topic_name == 'cmd_vel'
[7.208s] 3:     finally :
[7.208s] 3:         rclpy.shutdown
[7.208s] 3: def test_parameter_node():
[7.208s] 3:     rclpy.init
[7.209s] 3:     try :
[7.209s] 3:         pass
[7.209s] 3:     finally :
[7.209s] 3:         rclpy.shutdown
[7.209s] 3: def test_obstacle():
[7.209s] 3:     rclpy.init
[7.210s] 3:     try :
[7.210s] 3:         node=Obstacle()
[7.210s] 3:         #get values of parameters
[7.210s] 3:         threshold=node.get_parameter('threshold_distance').value
[7.210s] 3:         scan_topic=node.get_parameter("laser_scan_topic").value
[7.210s] 3:         cmd_topic=node.get_parameter("cmd_vel_topic").value
[7.210s] 3:         front_sector_angle=node.get_parameter("frontal_detection_angle_deg").value
[7.211s] 3:         # assert the values are correct as expected 
[7.211s] 3:         # 1- check if the parameters are of expected classes 
[7.211s] 3:         assert isinstance(threshold,float) ,f"expect the threshold to be a float"
[7.211s] 3:         assert isinstance(scan_topic,str), f"expect the scan topic to be a string"
[7.211s] 3:         assert isinstance(cmd_topic,str), f"expect the cmd velocity command to be a string"
[7.212s] 3:         assert isinstance(front_sector_angle,float),f'expect the angle of sector to be a float'
[7.212s] 3:         # 2- check if the values of the parameters are correct 
[7.212s] 3:         assert threshold == 0.5
[7.212s] 3:         assert scan_topic== "scan"
[7.212s] 3:         assert cmd_topic == "cmd_vel"
[7.212s] 3:         assert front_sector_angle == 60.0 
[7.213s] 3:     finally :
[7.213s] 3:         rclpy.shutdown
[7.213s] 3: 
[7.213s] 3: 
[7.213s] 3: if __name__=='__main__' :
[7.213s] 3:     pytest.main(['-v'])
[7.214s] 3: 
[7.214s] 3: '''       
[7.214s] 3:                          
[7.214s] 3:            ^
[7.214s] 3: '''
[7.214s] 3: def test_node_creation():
[7.215s] 3:     rclpy.init
[7.215s] 3:     try :
[7.215s] 3:         node=Obstacle()
[7.215s] 3:         # verify that the node has the expected name
[7.215s] 3:         assert node.get_name()=="Laser_Obstacle_Avoidance"
[7.215s] 3:         # verify that the node has the subscribed to the correct topic by name
[7.215s] 3:         assert hasattr(node,'laser_sub')
[7.216s] 3:         assert node.laser_sub.topic_name == 'scan'
[7.216s] 3:         # verify that the node is publishing to the correct topic by name 
[7.216s] 3:         assert hasattr(node,'cmd_vel_pub')
[7.216s] 3:         assert node.cmd_vel_pub.topic_name == 'cmd_vel'
[7.216s] 3:     finally :
[7.216s] 3:         rclpy.shutdown
[7.217s] 3: def test_parameter_node():
[7.217s] 3:     rclpy.init
[7.217s] 3:     try :
[7.217s] 3:         pass
[7.217s] 3:     finally :
[7.218s] 3:         rclpy.shutdown
[7.218s] 3: def test_obstacle():
[7.218s] 3:     rclpy.init
[7.218s] 3:     try :
[7.218s] 3:         node=Obstacle()
[7.218s] 3:         #get values of parameters
[7.219s] 3:         threshold=node.get_parameter('threshold_distance').value
[7.219s] 3:         scan_topic=node.get_parameter("laser_scan_topic").value
[7.219s] 3:         cmd_topic=node.get_parameter("cmd_vel_topic").value
[7.219s] 3:         front_sector_angle=node.get_parameter("frontal_detection_angle_deg").value
[7.219s] 3:         # assert the values are correct as expected 
[7.219s] 3:         # 1- check if the parameters are of expected classes 
[7.220s] 3:         assert isinstance(threshold,float) ,f"expect the threshold to be a float"
[7.220s] 3:         assert isinstance(scan_topic,str), f"expect the scan topic to be a string"
[7.220s] 3:         assert isinstance(cmd_topic,str), f"expect the cmd velocity command to be a string"
[7.220s] 3:         assert isinstance(front_sector_angle,float),f'expect the angle of sector to be a float'
[7.220s] 3:         # 2- check if the values of the parameters are correct 
[7.220s] 3:         assert threshold == 0.5
[7.220s] 3:         assert scan_topic== "scan"
[7.221s] 3:         assert cmd_topic == "cmd_vel"
[7.221s] 3:         assert front_sector_angle == 60.0 
[7.221s] 3:     finally :
[7.221s] 3:         rclpy.shutdown
[7.221s] 3: 
[7.221s] 3: 
[7.222s] 3: if __name__=='__main__' :
[7.222s] 3:     pytest.main(['-v'])
[7.222s] 3: 
[7.222s] 3: '''       ^
[7.222s] 3: '''
[7.222s] 3: def test_node_creation():
[7.222s] 3:     rclpy.init
[7.223s] 3:     try :
[7.223s] 3:         node=Obstacle()
[7.223s] 3:         # verify that the node has the expected name
[7.223s] 3:         assert node.get_name()=="Laser_Obstacle_Avoidance"
[7.223s] 3:         # verify that the node has the subscribed to the correct topic by name
[7.224s] 3:         assert hasattr(node,'laser_sub')
[7.224s] 3:         assert node.laser_sub.topic_name == 'scan'
[7.224s] 3:         # verify that the node is publishing to the correct topic by name 
[7.224s] 3:         assert hasattr(node,'cmd_vel_pub')
[7.224s] 3:         assert node.cmd_vel_pub.topic_name == 'cmd_vel'
[7.224s] 3:     finally :
[7.225s] 3:         rclpy.shutdown
[7.225s] 3: def test_parameter_node():
[7.225s] 3:     rclpy.init
[7.225s] 3:     try :
[7.225s] 3:         pass
[7.226s] 3:     finally :
[7.226s] 3:         rclpy.shutdown
[7.226s] 3: def test_obstacle():
[7.226s] 3:     rclpy.init
[7.226s] 3:     try :
[7.226s] 3:         node=Obstacle()
[7.226s] 3:         #get values of parameters
[7.227s] 3:         threshold=node.get_parameter('threshold_distance').value
[7.227s] 3:         scan_topic=node.get_parameter("laser_scan_topic").value
[7.227s] 3:         cmd_topic=node.get_parameter("cmd_vel_topic").value
[7.227s] 3:         front_sector_angle=node.get_parameter("frontal_detection_angle_deg").value
[7.227s] 3:         # assert the values are correct as expected 
[7.227s] 3:         # 1- check if the parameters are of expected classes 
[7.227s] 3:         assert isinstance(threshold,float) ,f"expect the threshold to be a float"
[7.228s] 3:         assert isinstance(scan_topic,str), f"expect the scan topic to be a string"
[7.228s] 3:         assert isinstance(cmd_topic,str), f"expect the cmd velocity command to be a string"
[7.228s] 3:         assert isinstance(front_sector_angle,float),f'expect the angle of sector to be a float'
[7.228s] 3:         # 2- check if the values of the parameters are correct 
[7.228s] 3:         assert threshold == 0.5
[7.228s] 3:         assert scan_topic== "scan"
[7.229s] 3:         assert cmd_topic == "cmd_vel"
[7.229s] 3:         assert front_sector_angle == 60.0 
[7.229s] 3:     finally :
[7.229s] 3:         rclpy.shutdown
[7.229s] 3: 
[7.229s] 3: 
[7.230s] 3: if __name__=='__main__' :
[7.230s] 3:     pytest.main(['-v'])
[7.230s] 3: 
[7.230s] 3: '''       
[7.230s] 3:    ^
[7.230s] 3: 9     E111 indentation is not a multiple of 4
[7.231s] 3: 1     E114 indentation is not a multiple of 4 (comment)
[7.231s] 3: 4     E117 over-indented (comment)
[7.231s] 3: 6     E122 continuation line missing indentation or outdented
[7.231s] 3: 3     E128 continuation line under-indented for visual indent
[7.231s] 3: 5     E131 continuation line unaligned for hanging indent
[7.232s] 3: 3     E203 whitespace before ':'
[7.232s] 3: 9     E225 missing whitespace around operator
[7.232s] 3: 36    E231 missing whitespace after ','
[7.232s] 3: 8     E261 at least two spaces before inline comment
[7.232s] 3: 3     E262 inline comment should start with '# '
[7.232s] 3: 5     E265 block comment should start with '# '
[7.233s] 3: 1     E275 missing whitespace after keyword
[7.233s] 3: 6     E302 expected 2 blank lines, found 1
[7.233s] 3: 20    E303 too many blank lines (2)
[7.233s] 3: 1     E305 expected 2 blank lines after class or function definition, found 1
[7.233s] 3: 30    E501 line too long (110 > 99 characters)
[7.233s] 3: 5     F401 'os' imported but unused
[7.233s] 3: 5     F541 f-string is missing placeholders
[7.234s] 3: 14    I100 Import statements are in the wrong order. 'from geometry_msgs.msg import Twist' should be before 'from sensor_msgs.msg import LaserScan'
[7.234s] 3: 3     I101 Imported names are in the wrong order. Should be DeclareLaunchArgument, IncludeLaunchDescription
[7.234s] 3: 7     I201 Missing newline between import groups. 'import math' is identified as Stdlib and 'from geometry_msgs.msg import Twist' is identified as Third Party.
[7.234s] 3: 44    Q000 Double quotes found but single quotes preferred
[7.234s] 3: 2     Q001 Single quote multiline found but double quotes preferred
[7.234s] 3: 24    W291 trailing whitespace
[7.235s] 3: 2     W292 no newline at end of file
[7.235s] 3: 14    W293 blank line contains whitespace
[7.235s] 3: 
[7.235s] 3: ./launch/rplidar.launch.py:5:1: E302 expected 2 blank lines, found 1
[7.235s] 3: 
[7.235s] 3: ./launch/rplidar.launch.py:14:100: E501 line too long (113 > 99 characters)
[7.236s] 3: 
[7.236s] 3: ./launch/rsp.launch.py:6:1: I101 Imported names are in the wrong order. Should be Command, LaunchConfiguration
[7.236s] 3: 
[7.236s] 3: ./launch/rsp.launch.py:7:1: I100 Import statements are in the wrong order. 'from launch.actions import DeclareLaunchArgument' should be before 'from launch.substitutions import LaunchConfiguration, Command'
[7.236s] 3: 
[7.236s] 3: ./launch/rsp.launch.py:10:1: F401 'xacro' imported but unused
[7.237s] 3: 
[7.237s] 3: ./launch/rsp.launch.py:21:39: E231 missing whitespace after ','
[7.237s] 3: 
[7.237s] 3: ./launch/rsp.launch.py:21:53: E231 missing whitespace after ','
[7.237s] 3: 
[7.238s] 3: ./launch/rsp.launch.py:23:100: E501 line too long (132 > 99 characters)
[7.238s] 3: 
[7.238s] 3: ./launch/rsp.launch.py:24:1: W293 blank line contains whitespace
[7.238s] 3: 
[7.238s] 3: ./launch/rsp.launch.py:35:5: E303 too many blank lines (2)
[7.239s] 3: 
[7.239s] 3: ./launch/rviz_gazebo.launch.py:2:1: I201 Missing newline between import groups. 'import xacro' is identified as Third Party and 'import os' is identified as Stdlib.
[7.239s] 3: 
[7.239s] 3: ./launch/rviz_gazebo.launch.py:3:1: I100 Import statements are in the wrong order. 'from ament_index_python.packages import get_package_share_directory' should be before 'import xacro'
[7.239s] 3: 
[7.239s] 3: ./launch/rviz_gazebo.launch.py:7:1: I101 Imported names are in the wrong order. Should be DeclareLaunchArgument, IncludeLaunchDescription
[7.240s] 3: 
[7.240s] 3: ./launch/rviz_gazebo.launch.py:12:1: I100 Import statements are in the wrong order. 'from launch.conditions import IfCondition, UnlessCondition' should be before 'from launch_ros.actions import Node'
[7.240s] 3: 
[7.240s] 3: ./launch/rviz_gazebo.launch.py:18:5: E303 too many blank lines (2)
[7.240s] 3: 
[7.241s] 3: ./launch/rviz_gazebo.launch.py:18:100: E501 line too long (110 > 99 characters)
[7.241s] 3: 
[7.241s] 3: ./launch/rviz_gazebo.launch.py:21:17: E225 missing whitespace around operator
[7.241s] 3: 
[7.241s] 3: ./launch/rviz_gazebo.launch.py:21:33: E261 at least two spaces before inline comment
[7.242s] 3: 
[7.242s] 3: ./launch/rviz_gazebo.launch.py:21:34: E262 inline comment should start with '# '
[7.242s] 3: 
[7.242s] 3: ./launch/rviz_gazebo.launch.py:25:62: E231 missing whitespace after ','
[7.242s] 3: 
[7.242s] 3: ./launch/rviz_gazebo.launch.py:25:71: E231 missing whitespace after ','
[7.243s] 3: 
[7.243s] 3: ./launch/rviz_gazebo.launch.py:33:10: W291 trailing whitespace
[7.243s] 3: 
[7.243s] 3: ./launch/rviz_gazebo.launch.py:34:1: W293 blank line contains whitespace
[7.243s] 3: 
[7.243s] 3: ./launch/rviz_gazebo.launch.py:47:21: E131 continuation line unaligned for hanging indent
[7.244s] 3: 
[7.244s] 3: ./launch/rviz_gazebo.launch.py:47:100: E501 line too long (104 > 99 characters)
[7.244s] 3: 
[7.244s] 3: ./launch/rviz_gazebo.launch.py:50:100: E501 line too long (126 > 99 characters)
[7.244s] 3: 
[7.244s] 3: ./launch/rviz_gazebo.launch.py:58:5: Q001 Single quote multiline found but double quotes preferred
[7.245s] 3: 
[7.245s] 3: ./launch/rviz_gazebo.launch.py:58:5: E303 too many blank lines (2)
[7.245s] 3: 
[7.245s] 3: ./launch/rviz_gazebo.launch.py:59:100: E501 line too long (101 > 99 characters)
[7.245s] 3: 
[7.246s] 3: ./launch/rviz_gazebo.launch.py:72:5: E122 continuation line missing indentation or outdented
[7.246s] 3: 
[7.246s] 3: ./launch/rviz_gazebo.launch.py:73:5: E122 continuation line missing indentation or outdented
[7.246s] 3: 
[7.246s] 3: ./launch/rviz_gazebo.launch.py:74:5: E122 continuation line missing indentation or outdented
[7.247s] 3: 
[7.247s] 3: ./launch/rviz_gazebo.launch.py:77:11: E131 continuation line unaligned for hanging indent
[7.247s] 3: 
[7.247s] 3: ./launch/rviz_gazebo.launch.py:78:10: E131 continuation line unaligned for hanging indent
[7.247s] 3: 
[7.248s] 3: ./launch/rviz_gazebo.launch.py:81:5: E122 continuation line missing indentation or outdented
[7.248s] 3: 
[7.248s] 3: ./launch/rviz_gazebo.launch.py:82:1: E122 continuation line missing indentation or outdented
[7.248s] 3: 
[7.248s] 3: ./launch/rviz_gazebo.launch.py:85:17: Q000 Double quotes found but single quotes preferred
[7.248s] 3: 
[7.248s] 3: ./launch/rviz_gazebo.launch.py:86:20: Q000 Double quotes found but single quotes preferred
[7.249s] 3: 
[7.249s] 3: ./launch/rviz_gazebo.launch.py:87:20: Q000 Double quotes found but single quotes preferred
[7.249s] 3: 
[7.249s] 3: ./launch/rviz_gazebo.launch.py:89:5: E265 block comment should start with '# '
[7.249s] 3: 
[7.250s] 3: ./launch/rviz_gazebo.launch.py:90:14: E225 missing whitespace around operator
[7.250s] 3: 
[7.250s] 3: ./launch/rviz_gazebo.launch.py:96:1: W293 blank line contains whitespace
[7.250s] 3: 
[7.250s] 3: ./launch/rviz_gazebo.launch.py:136:1: W293 blank line contains whitespace
[7.250s] 3: 
[7.251s] 3: ./launch/rviz_gazebo.launch.py:140:1: W293 blank line contains whitespace
[7.251s] 3: 
[7.251s] 3: ./launch/rviz_gazebo.launch.py:144:1: W293 blank line contains whitespace
[7.251s] 3: 
[7.251s] 3: ./test/pytest/test_laserObstacle.py:5:1: I100 Import statements are in the wrong order. 'import time' should be before 'import rclpy' and in a different group.
[7.251s] 3: 
[7.251s] 3: ./test/pytest/test_laserObstacle.py:5:1: I201 Missing newline between import groups. 'import time' is identified as Stdlib and 'import rclpy' is identified as Third Party.
[7.252s] 3: 
[7.252s] 3: ./test/pytest/test_laserObstacle.py:5:12: W291 trailing whitespace
[7.252s] 3: 
[7.252s] 3: ./test/pytest/test_laserObstacle.py:6:1: I201 Missing newline between import groups. 'from rclpy.executors import SingleThreadedExecutor' is identified as Third Party and 'import time' is identified as Stdlib.
[7.252s] 3: 
[7.252s] 3: ./test/pytest/test_laserObstacle.py:7:1: F401 'sensor_msgs.msg.LaserScan' imported but unused
[7.253s] 3: 
[7.253s] 3: ./test/pytest/test_laserObstacle.py:8:1: I100 Import statements are in the wrong order. 'from geometry_msgs.msg import Twist' should be before 'from sensor_msgs.msg import LaserScan'
[7.253s] 3: 
[7.253s] 3: ./test/pytest/test_laserObstacle.py:8:1: F401 'geometry_msgs.msg.Twist' imported but unused
[7.253s] 3: 
[7.254s] 3: ./test/pytest/test_laserObstacle.py:8:36: W291 trailing whitespace
[7.254s] 3: 
[7.254s] 3: ./test/pytest/test_laserObstacle.py:10:1: I100 Import statements are in the wrong order. 'from articubot_one.obstacle_avoidance import Obstacle' should be before 'from geometry_msgs.msg import Twist'
[7.254s] 3: 
[7.254s] 3: ./test/pytest/test_laserObstacle.py:10:54: W291 trailing whitespace
[7.254s] 3: 
[7.255s] 3: ./test/pytest/test_laserObstacle.py:12:1: E302 expected 2 blank lines, found 1
[7.255s] 3: 
[7.255s] 3: ./test/pytest/test_laserObstacle.py:19:1: E302 expected 2 blank lines, found 1
[7.255s] 3: 
[7.255s] 3: ./test/pytest/test_laserObstacle.py:37:14: E111 indentation is not a multiple of 4
[7.255s] 3: 
[7.256s] 3: ./test/pytest/test_laserObstacle.py:37:14: E117 over-indented
[7.256s] 3: 
[7.256s] 3: ./test/pytest/test_laserObstacle.py:37:37: E261 at least two spaces before inline comment
[7.256s] 3: 
[7.256s] 3: ./test/pytest/test_laserObstacle.py:39:29: E261 at least two spaces before inline comment
[7.256s] 3: 
[7.257s] 3: ./test/pytest/test_laserObstacle.py:46:14: E111 indentation is not a multiple of 4
[7.257s] 3: 
[7.257s] 3: ./test/pytest/test_laserObstacle.py:46:14: E117 over-indented
[7.257s] 3: 
[7.257s] 3: ./test/pytest/test_laserObstacle.py:52:31: Q000 Double quotes found but single quotes preferred
[7.257s] 3: 
[7.258s] 3: ./test/pytest/test_laserObstacle.py:55:48: E261 at least two spaces before inline comment
[7.258s] 3: 
[7.258s] 3: ./test/pytest/test_laserObstacle.py:57:53: E261 at least two spaces before inline comment
[7.258s] 3: 
[7.258s] 3: ./test/pytest/test_laserObstacle.py:76:46: Q000 Double quotes found but single quotes preferred
[7.258s] 3: 
[7.258s] 3: ./test/pytest/test_laserObstacle.py:76:46: F541 f-string is missing placeholders
[7.259s] 3: 
[7.259s] 3: ./test/pytest/test_laserObstacle.py:77:45: Q000 Double quotes found but single quotes preferred
[7.259s] 3: 
[7.259s] 3: ./test/pytest/test_laserObstacle.py:77:45: F541 f-string is missing placeholders
[7.259s] 3: 
[7.260s] 3: ./test/pytest/test_laserObstacle.py:78:44: Q000 Double quotes found but single quotes preferred
[7.260s] 3: 
[7.260s] 3: ./test/pytest/test_laserObstacle.py:78:44: F541 f-string is missing placeholders
[7.260s] 3: 
[7.260s] 3: ./test/pytest/test_laserObstacle.py:79:55: F541 f-string is missing placeholders
[7.260s] 3: 
[7.261s] 3: ./test/pytest/test_laserObstacle.py:84:30: Q000 Double quotes found but single quotes preferred
[7.261s] 3: 
[7.261s] 3: ./test/pytest/test_laserObstacle.py:85:29: Q000 Double quotes found but single quotes preferred
[7.261s] 3: 
[7.261s] 3: ./test/pytest/test_laserObstacle.py:89:21: Q000 Double quotes found but single quotes preferred
[7.262s] 3: 
[7.262s] 3: ./test/pytest/test_laserObstacle.py:91:21: Q000 Double quotes found but single quotes preferred
[7.262s] 3: 
[7.262s] 3: ./test/pytest/test_laserObstacle.py:96:1: Q001 Single quote multiline found but double quotes preferred
[7.262s] 3: 
[7.262s] 3: ./test/pytest/test_laserObstacle.py:96:1: E303 too many blank lines (4)
[7.263s] 3: 
[7.263s] 3: ./test/pytest/test_laserObstacle.py:106:74: W291 trailing whitespace
[7.263s] 3: 
[7.263s] 3: ./test/pytest/test_laserObstacle.py:126:52: W291 trailing whitespace
[7.263s] 3: 
[7.264s] 3: ./test/pytest/test_laserObstacle.py:127:61: W291 trailing whitespace
[7.264s] 3: 
[7.264s] 3: ./test/pytest/test_laserObstacle.py:132:63: W291 trailing whitespace
[7.264s] 3: 
[7.264s] 3: ./test/pytest/test_laserObstacle.py:136:42: W291 trailing whitespace
[7.264s] 3: 
[7.264s] 3: ./test/pytest/test_laserObstacle.py:144:4: W291 trailing whitespace
[7.265s] 3: 
[7.265s] 3: ./test/pytest/test_laserObstacle.py:144:8: W292 no newline at end of file
[7.265s] 3: 
[7.265s] 3: 
[7.265s] 3: 15 files checked
[7.265s] 3: 270 errors
[7.265s] 3: 
[7.266s] 3: 'E'-type errors: 150
[7.266s] 3: 'F'-type errors: 10
[7.266s] 3: 'I'-type errors: 24
[7.266s] 3: 'Q'-type errors: 46
[7.266s] 3: 'W'-type errors: 40
[7.266s] 3: 
[7.266s] 3: Checked files:
[7.267s] 3: 
[7.267s] 3: * ./setup.py
[7.267s] 3: * ./test/pytest/test_laserObstacle.py
[7.267s] 3: * ./articubot_one/obstacle_avoidance.py
[7.267s] 3: * ./articubot_one/__init__.py
[7.267s] 3: * ./launch/joystick.launch.py
[7.268s] 3: * ./launch/online_async_launch.py
[7.268s] 3: * ./launch/ball_tracker.launch.py
[7.268s] 3: * ./launch/localization_launch.py
[7.268s] 3: * ./launch/rviz_gazebo.launch.py
[7.268s] 3: * ./launch/navigation_launch.py
[7.269s] 3: * ./launch/rsp.launch.py
[7.269s] 3: * ./launch/launch_robot.launch.py
[7.269s] 3: * ./launch/camera.launch.py
[7.269s] 3: * ./launch/rplidar.launch.py
[7.269s] 3: * ./launch/launch_sim.launch.py
[7.269s] 3: -- run_test.py: return code 1
[7.270s] 3: -- run_test.py: verify result file '/home/jonatan/ros2_ws/build/articubot_one/test_results/articubot_one/flake8.xunit.xml'
[7.270s] 3/6 Test #3: flake8 ...........................***Failed    0.89 sec
[7.270s] test 4
[7.270s]     Start 4: lint_cmake
[7.270s] 
[7.271s] 4: Test command: /usr/bin/python3 "-u" "/opt/ros/jazzy/share/ament_cmake_test/cmake/run_test.py" "/home/jonatan/ros2_ws/build/articubot_one/test_results/articubot_one/lint_cmake.xunit.xml" "--package-name" "articubot_one" "--output-file" "/home/jonatan/ros2_ws/build/articubot_one/ament_lint_cmake/lint_cmake.txt" "--command" "/opt/ros/jazzy/bin/ament_lint_cmake" "--xunit-file" "/home/jonatan/ros2_ws/build/articubot_one/test_results/articubot_one/lint_cmake.xunit.xml"
[7.271s] 4: Working Directory: /home/jonatan/ros2_ws/src/articubot_one
[7.271s] 4: Test timeout computed to be: 60
[7.271s] 4: -- run_test.py: invoking following command in '/home/jonatan/ros2_ws/src/articubot_one':
[7.271s] 4:  - /opt/ros/jazzy/bin/ament_lint_cmake --xunit-file /home/jonatan/ros2_ws/build/articubot_one/test_results/articubot_one/lint_cmake.xunit.xml
[7.306s] 4: CMakeLists.txt:40: Line ends in whitespace [whitespace/eol]
[7.306s] 4: CMakeLists.txt:55: Line ends in whitespace [whitespace/eol]
[7.306s] 4: 
[7.307s] 4: 
[7.307s] 4: 2 errors
[7.337s] 4: -- run_test.py: return code 1
[7.337s] 4: -- run_test.py: verify result file '/home/jonatan/ros2_ws/build/articubot_one/test_results/articubot_one/lint_cmake.xunit.xml'
[7.357s] 4/6 Test #4: lint_cmake .......................***Failed    0.39 sec
[7.358s] test 5
[7.358s]     Start 5: pep257
[7.358s] 
[7.358s] 5: Test command: /usr/bin/python3 "-u" "/opt/ros/jazzy/share/ament_cmake_test/cmake/run_test.py" "/home/jonatan/ros2_ws/build/articubot_one/test_results/articubot_one/pep257.xunit.xml" "--package-name" "articubot_one" "--output-file" "/home/jonatan/ros2_ws/build/articubot_one/ament_pep257/pep257.txt" "--command" "/opt/ros/jazzy/bin/ament_pep257" "--xunit-file" "/home/jonatan/ros2_ws/build/articubot_one/test_results/articubot_one/pep257.xunit.xml"
[7.359s] 5: Working Directory: /home/jonatan/ros2_ws/src/articubot_one
[7.359s] 5: Test timeout computed to be: 60
[7.499s] 5: -- run_test.py: invoking following command in '/home/jonatan/ros2_ws/src/articubot_one':
[7.499s] 5:  - /opt/ros/jazzy/bin/ament_pep257 --xunit-file /home/jonatan/ros2_ws/build/articubot_one/test_results/articubot_one/pep257.xunit.xml
[7.853s] 5: checking ./articubot_one/__init__.py
[7.853s] 5: checking ./articubot_one/obstacle_avoidance.py
[7.853s] 5: checking ./launch/ball_tracker.launch.py
[7.853s] 5: checking ./launch/camera.launch.py
[7.853s] 5: checking ./launch/joystick.launch.py
[7.854s] 5: checking ./launch/launch_robot.launch.py
[7.854s] 5: checking ./launch/launch_sim.launch.py
[7.854s] 5: checking ./launch/localization_launch.py
[7.854s] 5: checking ./launch/navigation_launch.py
[7.854s] 5: checking ./launch/online_async_launch.py
[7.854s] 5: checking ./launch/rplidar.launch.py
[7.855s] 5: checking ./launch/rsp.launch.py
[7.855s] 5: checking ./launch/rviz_gazebo.launch.py
[7.855s] 5: checking ./setup.py
[7.855s] 5: checking ./test/pytest/test_laserObstacle.py
[7.855s] 5: No problems found
[7.892s] 5: -- run_test.py: return code 0
[7.892s] 5: -- run_test.py: verify result file '/home/jonatan/ros2_ws/build/articubot_one/test_results/articubot_one/pep257.xunit.xml'
[7.910s] 5/6 Test #5: pep257 ...........................   Passed    0.55 sec
[7.910s] test 6
[7.911s]     Start 6: xmllint
[7.911s] 
[7.911s] 6: Test command: /usr/bin/python3 "-u" "/opt/ros/jazzy/share/ament_cmake_test/cmake/run_test.py" "/home/jonatan/ros2_ws/build/articubot_one/test_results/articubot_one/xmllint.xunit.xml" "--package-name" "articubot_one" "--output-file" "/home/jonatan/ros2_ws/build/articubot_one/ament_xmllint/xmllint.txt" "--command" "/opt/ros/jazzy/bin/ament_xmllint" "--xunit-file" "/home/jonatan/ros2_ws/build/articubot_one/test_results/articubot_one/xmllint.xunit.xml"
[7.911s] 6: Working Directory: /home/jonatan/ros2_ws/src/articubot_one
[7.912s] 6: Test timeout computed to be: 60
[8.046s] 6: -- run_test.py: invoking following command in '/home/jonatan/ros2_ws/src/articubot_one':
[8.046s] 6:  - /opt/ros/jazzy/bin/ament_xmllint --xunit-file /home/jonatan/ros2_ws/build/articubot_one/test_results/articubot_one/xmllint.xunit.xml
[14.214s] 6: File 'package.xml' is valid
[14.214s] 6: 
[14.214s] 6: No problems found
[14.239s] 6: -- run_test.py: return code 0
[14.239s] 6: -- run_test.py: verify result file '/home/jonatan/ros2_ws/build/articubot_one/test_results/articubot_one/xmllint.xunit.xml'
[14.256s] 6/6 Test #6: xmllint ..........................   Passed    6.35 sec
[14.259s] 
[14.259s] 50% tests passed, 3 tests failed out of 6
[14.259s] 
[14.260s] Label Time Summary:
[14.260s] copyright     =   0.56 sec*proc (1 test)
[14.260s] flake8        =   0.89 sec*proc (1 test)
[14.260s] lint_cmake    =   0.39 sec*proc (1 test)
[14.261s] linter        =   8.74 sec*proc (5 tests)
[14.261s] pep257        =   0.55 sec*proc (1 test)
[14.261s] pytest        =   5.47 sec*proc (1 test)
[14.261s] xmllint       =   6.35 sec*proc (1 test)
[14.262s] 
[14.264s] Total Test time (real) =  14.22 sec
[14.264s] 
[14.264s] The following tests FAILED:
[14.265s] 	  2 - copyright (Failed)
[14.265s] 	  3 - flake8 (Failed)
[14.265s] 	  4 - lint_cmake (Failed)
[14.266s] Errors while running CTest
[14.266s] Output from these tests are in: /home/jonatan/ros2_ws/build/articubot_one/Testing/Temporary/LastTest.log
[14.266s] Use "--rerun-failed --output-on-failure" to re-run the failed cases verbosely.
[14.267s] Invoked command in '/home/jonatan/ros2_ws/build/articubot_one' returned '8': AMENT_PREFIX_PATH=/home/jonatan/ros2_ws/install/articubot_one:${AMENT_PREFIX_PATH} CMAKE_PREFIX_PATH=/home/jonatan/ros2_ws/install/articubot_one:${CMAKE_PREFIX_PATH} PS1=\[\e]0;\u@\h: \w\a\]${debian_chroot:+($debian_chroot)}\[\033[01;32m\]\u@\h\[\033[00m\]:\[\033[01;34m\]\w\[\033[00m\]\$ PYTHONPATH=/home/jonatan/ros2_ws/install/articubot_one/lib/python3.12/site-packages:${PYTHONPATH} /usr/bin/ctest -C Release -D ExperimentalTest --no-compress-output -V --force-new-ctest-process
